CPU Reset (CPU 0)
R00=00000000 R01=00000000 R02=00000000 R03=00000000
R04=00000000 R05=00000000 R06=00000000 R07=00000000
R08=00000000 R09=00000000 R10=00000000 R11=00000000
R12=00000000 R13=00000000 R14=00000000 R15=00000000
PSR=40000000 -Z-- A S usr26
CPU Reset (CPU 1)
R00=00000000 R01=00000000 R02=00000000 R03=00000000
R04=00000000 R05=00000000 R06=00000000 R07=00000000
R08=00000000 R09=00000000 R10=00000000 R11=00000000
R12=00000000 R13=00000000 R14=00000000 R15=00000000
PSR=40000000 -Z-- A S usr26
CPU Reset (CPU 2)
R00=00000000 R01=00000000 R02=00000000 R03=00000000
R04=00000000 R05=00000000 R06=00000000 R07=00000000
R08=00000000 R09=00000000 R10=00000000 R11=00000000
R12=00000000 R13=00000000 R14=00000000 R15=00000000
PSR=40000000 -Z-- A S usr26
CPU Reset (CPU 3)
R00=00000000 R01=00000000 R02=00000000 R03=00000000
R04=00000000 R05=00000000 R06=00000000 R07=00000000
R08=00000000 R09=00000000 R10=00000000 R11=00000000
R12=00000000 R13=00000000 R14=00000000 R15=00000000
PSR=40000000 -Z-- A S usr26
CPU Reset (CPU 0)
R00=00000000 R01=00000000 R02=00000000 R03=00000000
R04=00000000 R05=00000000 R06=00000000 R07=00000000
R08=00000000 R09=00000000 R10=00000000 R11=00000000
R12=00000000 R13=00000000 R14=00000000 R15=00000000
PSR=400001d3 -Z-- A S svc32
CPU Reset (CPU 1)
R00=00000000 R01=00000000 R02=00000000 R03=00000000
R04=00000000 R05=00000000 R06=00000000 R07=00000000
R08=00000000 R09=00000000 R10=00000000 R11=00000000
R12=00000000 R13=00000000 R14=00000000 R15=00000000
PSR=400001d3 -Z-- A S svc32
CPU Reset (CPU 2)
R00=00000000 R01=00000000 R02=00000000 R03=00000000
R04=00000000 R05=00000000 R06=00000000 R07=00000000
R08=00000000 R09=00000000 R10=00000000 R11=00000000
R12=00000000 R13=00000000 R14=00000000 R15=00000000
PSR=400001d3 -Z-- A S svc32
CPU Reset (CPU 3)
R00=00000000 R01=00000000 R02=00000000 R03=00000000
R04=00000000 R05=00000000 R06=00000000 R07=00000000
R08=00000000 R09=00000000 R10=00000000 R11=00000000
R12=00000000 R13=00000000 R14=00000000 R15=00000000
PSR=400001d3 -Z-- A S svc32
Trace 1: 0xf0054080 [00000000/00000300/0xaf00000] 
Trace 2: 0xf0054080 [00000000/00000300/0xaf00000] 
Trace 3: 0xf0054080 [00000000/00000300/0xaf00000] 
Trace 0: 0xefaff0c0 [00000000/00000000/0xaf00000] 
Trace 2: 0xefdaa080 [00000000/00000420/0xaf00000] 
Trace 0: 0xefdaa080 [00000000/00000420/0xaf00000] 
Trace 1: 0xefdaa080 [00000000/00000420/0xaf00000] 
Trace 0: 0xf0054180 [00000000/0000042c/0xaf00000] 
Trace 1: 0xf0054180 [00000000/0000042c/0xaf00000] 
Trace 0: 0xefaff200 [00000000/00000434/0xaf00000] 
Trace 2: 0xf0054180 [00000000/0000042c/0xaf00000] 
Trace 2: 0xefaff200 [00000000/00000434/0xaf00000] 
Chain 3: 0xefdaa080 [00000000/00000420/0xaf00000] 
Trace 3: 0xf0054180 [00000000/0000042c/0xaf00000] 
Trace 3: 0xefaff200 [00000000/00000434/0xaf00000] 
Trace 0: 0xefaff380 [00000000/00000440/0x2520000] 
Stopped execution of TB chain before 0xefaff380 [00000440] 
Trace 2: 0xefaff380 [00000000/00000440/0x2520000] 
Trace 3: 0xefaff380 [00000000/00000440/0x2520000] 
Trace 0: 0xefaff380 [00000000/00000440/0x2520000] 
Taking exception 13 [Secure Monitor Call]
...from EL1 to EL3
...with ESR 0x13/0x4e000000
Trace 1: 0xefaff200 [00000000/00000434/0xaf00000] 
Stopped execution of TB chain before 0xefaff200 [00000434] 
Trace 2: 0xf00542c0 [00000000/00000408/0xaf20000] 
Taking exception 13 [Secure Monitor Call]
...from EL1 to EL3
...with ESR 0x13/0x4e000000
Trace 0: 0xf00542c0 [00000000/00000408/0xaf20000] 
Exception return from AArch32 mon to svc PC 0x448
Trace 0: 0xefaff480 [00000000/00000448/0x2520000] 
Trace 0: 0xefaff580 [00000000/0000000c/0x2520000] 
Trace 0: 0xefaff780 [00000000/00010000/0x2520000] 
Linking TBs 0xefaff780 [00010000] index 0 -> 0xefaff8c0 [00010034]
Trace 0: 0xefaff8c0 [00000000/00010034/0x2520000] 
Linking TBs 0xefaff8c0 [00010034] index 1 -> 0xefaffb40 [00010050]
Trace 0: 0xefaffb40 [00000000/00010050/0x2520000] 
Linking TBs 0xefaffb40 [00010050] index 0 -> 0xefaffb40 [00010050]
Trace 0: 0xefaffb40 [00000000/00010050/0x2520000] 
Taking exception 13 [Secure Monitor Call]
...from EL1 to EL3
...with ESR 0x13/0x4e000000
Trace 3: 0xf00542c0 [00000000/00000408/0xaf20000] 
Trace 1: 0xefaff200 [00000000/00000434/0xaf00000] 
Trace 1: 0xefaff380 [00000000/00000440/0x2520000] 
Taking exception 13 [Secure Monitor Call]
Exception return from AArch32 mon to svc PC 0x448
...from EL1 to EL3
...with ESR 0x13/0x4e000000
Exception return from AArch32 mon to svc PC 0x448
Trace 2: 0xefaff480 [00000000/00000448/0x2520000] 
Trace 1: 0xf00542c0 [00000000/00000408/0xaf20000] 
Stopped execution of TB chain before 0xf00542c0 [00000408] 
Trace 1: 0xf00542c0 [00000000/00000408/0xaf20000] 
Exception return from AArch32 mon to svc PC 0x448
Trace 2: 0xf00543c0 [00000000/00000308/0x2520000] 
Trace 3: 0xefaff480 [00000000/00000448/0x2520000] 
Trace 1: 0xefaff480 [00000000/00000448/0x2520000] 
Chain 1: 0xf00543c0 [00000000/00000308/0x2520000] 
Chain 3: 0xf00543c0 [00000000/00000308/0x2520000] 
Linking TBs 0xf00543c0 [00000308] index 0 -> 0xefdaa180 [00000314]
Trace 1: 0xefdaa180 [00000000/00000314/0x2520000] 
Linking TBs 0xefdaa180 [00000314] index 0 -> 0xefdaa180 [00000314]
Trace 3: 0xefdaa180 [00000000/00000314/0x2520000] 
Stopped execution of TB chain before 0xefdaa180 [00000314] 
Trace 2: 0xefdaa180 [00000000/00000314/0x2520000] 
Stopped execution of TB chain before 0xefdaa180 [00000314] 
Trace 2: 0xefdaa180 [00000000/00000314/0x2520000] 
Stopped execution of TB chain before 0xefdaa180 [00000314] 
Trace 1: 0xefdaa180 [00000000/00000314/0x2520000] 
Trace 3: 0xefdaa180 [00000000/00000314/0x2520000] 
Stopped execution of TB chain before 0xefdaa180 [00000314] 
Trace 3: 0xefdaa180 [00000000/00000314/0x2520000] 
Stopped execution of TB chain before 0xefaffb40 [00010050] 
Trace 0: 0xefaffb40 [00000000/00010050/0x2520000] 
Stopped execution of TB chain before 0xefaffb40 [00010050] 
Trace 0: 0xefaffb40 [00000000/00010050/0x2520000] 
Stopped execution of TB chain before 0xefdaa180 [00000314] 
Trace 1: 0xefdaa180 [00000000/00000314/0x2520000] 
Stopped execution of TB chain before 0xefdaa180 [00000314] 
Trace 1: 0xefdaa180 [00000000/00000314/0x2520000] 
Stopped execution of TB chain before 0xefdaa180 [00000314] 
Trace 2: 0xefdaa180 [00000000/00000314/0x2520000] 
Stopped execution of TB chain before 0xefdaa180 [00000314] 
Trace 2: 0xefdaa180 [00000000/00000314/0x2520000] 
Stopped execution of TB chain before 0xefdaa180 [00000314] 
Trace 3: 0xefdaa180 [00000000/00000314/0x2520000] 
Stopped execution of TB chain before 0xefdaa180 [00000314] 
Trace 3: 0xefdaa180 [00000000/00000314/0x2520000] 
Stopped execution of TB chain before 0xefaffb40 [00010050] 
Trace 0: 0xefaffb40 [00000000/00010050/0x2520000] 
Stopped execution of TB chain before 0xefaffb40 [00010050] 
Trace 0: 0xefaffb40 [00000000/00010050/0x2520000] 
Stopped execution of TB chain before 0xefdaa180 [00000314] 
Trace 1: 0xefdaa180 [00000000/00000314/0x2520000] 
Stopped execution of TB chain before 0xefdaa180 [00000314] 
Trace 1: 0xefdaa180 [00000000/00000314/0x2520000] 
Stopped execution of TB chain before 0xefdaa180 [00000314] 
Trace 2: 0xefdaa180 [00000000/00000314/0x2520000] 
Stopped execution of TB chain before 0xefdaa180 [00000314] 
Trace 2: 0xefdaa180 [00000000/00000314/0x2520000] 
Stopped execution of TB chain before 0xefdaa180 [00000314] 
Trace 3: 0xefdaa180 [00000000/00000314/0x2520000] 
Stopped execution of TB chain before 0xefdaa180 [00000314] 
Trace 3: 0xefdaa180 [00000000/00000314/0x2520000] 
Stopped execution of TB chain before 0xefaffb40 [00010050] 
Trace 0: 0xefaffb40 [00000000/00010050/0x2520000] 
Stopped execution of TB chain before 0xefaffb40 [00010050] 
Trace 0: 0xefaffb40 [00000000/00010050/0x2520000] 
Stopped execution of TB chain before 0xefdaa180 [00000314] 
Trace 1: 0xefdaa180 [00000000/00000314/0x2520000] 
Stopped execution of TB chain before 0xefdaa180 [00000314] 
Trace 1: 0xefdaa180 [00000000/00000314/0x2520000] 
Stopped execution of TB chain before 0xefdaa180 [00000314] 
Trace 2: 0xefdaa180 [00000000/00000314/0x2520000] 
Stopped execution of TB chain before 0xefdaa180 [00000314] 
Trace 2: 0xefdaa180 [00000000/00000314/0x2520000] 
Stopped execution of TB chain before 0xefdaa180 [00000314] 
Trace 3: 0xefdaa180 [00000000/00000314/0x2520000] 
Stopped execution of TB chain before 0xefdaa180 [00000314] 
Trace 3: 0xefdaa180 [00000000/00000314/0x2520000] 
Stopped execution of TB chain before 0xefaffb40 [00010050] 
Trace 0: 0xefaffb40 [00000000/00010050/0x2520000] 
Stopped execution of TB chain before 0xefaffb40 [00010050] 
Trace 0: 0xefaffb40 [00000000/00010050/0x2520000] 
Stopped execution of TB chain before 0xefdaa180 [00000314] 
Trace 1: 0xefdaa180 [00000000/00000314/0x2520000] 
Stopped execution of TB chain before 0xefdaa180 [00000314] 
Trace 1: 0xefdaa180 [00000000/00000314/0x2520000] 
Stopped execution of TB chain before 0xefdaa180 [00000314] 
Trace 2: 0xefdaa180 [00000000/00000314/0x2520000] 
Stopped execution of TB chain before 0xefdaa180 [00000314] 
Trace 2: 0xefdaa180 [00000000/00000314/0x2520000] 
Stopped execution of TB chain before 0xefdaa180 [00000314] 
Trace 3: 0xefdaa180 [00000000/00000314/0x2520000] 
Stopped execution of TB chain before 0xefdaa180 [00000314] 
Trace 3: 0xefdaa180 [00000000/00000314/0x2520000] 
Stopped execution of TB chain before 0xefaffb40 [00010050] 
Trace 0: 0xefaffb40 [00000000/00010050/0x2520000] 
Stopped execution of TB chain before 0xefaffb40 [00010050] 
Trace 0: 0xefaffb40 [00000000/00010050/0x2520000] 
Stopped execution of TB chain before 0xefdaa180 [00000314] 
Trace 1: 0xefdaa180 [00000000/00000314/0x2520000] 
Stopped execution of TB chain before 0xefdaa180 [00000314] 
Trace 1: 0xefdaa180 [00000000/00000314/0x2520000] 
Stopped execution of TB chain before 0xefdaa180 [00000314] 
Trace 2: 0xefdaa180 [00000000/00000314/0x2520000] 
Stopped execution of TB chain before 0xefdaa180 [00000314] 
Trace 2: 0xefdaa180 [00000000/00000314/0x2520000] 
Stopped execution of TB chain before 0xefdaa180 [00000314] 
Trace 3: 0xefdaa180 [00000000/00000314/0x2520000] 
Stopped execution of TB chain before 0xefdaa180 [00000314] 
Trace 3: 0xefdaa180 [00000000/00000314/0x2520000] 
Stopped execution of TB chain before 0xefaffb40 [00010050] 
Trace 0: 0xefaffb40 [00000000/00010050/0x2520000] 
Stopped execution of TB chain before 0xefaffb40 [00010050] 
Trace 0: 0xefaffb40 [00000000/00010050/0x2520000] 
Stopped execution of TB chain before 0xefdaa180 [00000314] 
Trace 1: 0xefdaa180 [00000000/00000314/0x2520000] 
Stopped execution of TB chain before 0xefdaa180 [00000314] 
Trace 1: 0xefdaa180 [00000000/00000314/0x2520000] 
Stopped execution of TB chain before 0xefdaa180 [00000314] 
Trace 2: 0xefdaa180 [00000000/00000314/0x2520000] 
Stopped execution of TB chain before 0xefdaa180 [00000314] 
Trace 2: 0xefdaa180 [00000000/00000314/0x2520000] 
Stopped execution of TB chain before 0xefdaa180 [00000314] 
Trace 3: 0xefdaa180 [00000000/00000314/0x2520000] 
Stopped execution of TB chain before 0xefdaa180 [00000314] 
Trace 3: 0xefdaa180 [00000000/00000314/0x2520000] 
Stopped execution of TB chain before 0xefaffb40 [00010050] 
Trace 0: 0xefaffb40 [00000000/00010050/0x2520000] 
Stopped execution of TB chain before 0xefaffb40 [00010050] 
Trace 0: 0xefaffb40 [00000000/00010050/0x2520000] 
Stopped execution of TB chain before 0xefdaa180 [00000314] 
Trace 1: 0xefdaa180 [00000000/00000314/0x2520000] 
Stopped execution of TB chain before 0xefdaa180 [00000314] 
Trace 1: 0xefdaa180 [00000000/00000314/0x2520000] 
Stopped execution of TB chain before 0xefdaa180 [00000314] 
Trace 2: 0xefdaa180 [00000000/00000314/0x2520000] 
Stopped execution of TB chain before 0xefdaa180 [00000314] 
Trace 2: 0xefdaa180 [00000000/00000314/0x2520000] 
Stopped execution of TB chain before 0xefdaa180 [00000314] 
Trace 3: 0xefdaa180 [00000000/00000314/0x2520000] 
Stopped execution of TB chain before 0xefdaa180 [00000314] 
Trace 3: 0xefdaa180 [00000000/00000314/0x2520000] 
Stopped execution of TB chain before 0xefaffb40 [00010050] 
Trace 0: 0xefaffb40 [00000000/00010050/0x2520000] 
Stopped execution of TB chain before 0xefaffb40 [00010050] 
Trace 0: 0xefaffb40 [00000000/00010050/0x2520000] 
Stopped execution of TB chain before 0xefdaa180 [00000314] 
Trace 1: 0xefdaa180 [00000000/00000314/0x2520000] 
Stopped execution of TB chain before 0xefdaa180 [00000314] 
Trace 1: 0xefdaa180 [00000000/00000314/0x2520000] 
Stopped execution of TB chain before 0xefdaa180 [00000314] 
Trace 2: 0xefdaa180 [00000000/00000314/0x2520000] 
Stopped execution of TB chain before 0xefdaa180 [00000314] 
Trace 2: 0xefdaa180 [00000000/00000314/0x2520000] 
Stopped execution of TB chain before 0xefdaa180 [00000314] 
Trace 3: 0xefdaa180 [00000000/00000314/0x2520000] 
Stopped execution of TB chain before 0xefdaa180 [00000314] 
Trace 3: 0xefdaa180 [00000000/00000314/0x2520000] 
Stopped execution of TB chain before 0xefaffb40 [00010050] 
Trace 0: 0xefaffb40 [00000000/00010050/0x2520000] 
Stopped execution of TB chain before 0xefaffb40 [00010050] 
Trace 0: 0xefaffb40 [00000000/00010050/0x2520000] 
Stopped execution of TB chain before 0xefdaa180 [00000314] 
Trace 1: 0xefdaa180 [00000000/00000314/0x2520000] 
Stopped execution of TB chain before 0xefdaa180 [00000314] 
Trace 1: 0xefdaa180 [00000000/00000314/0x2520000] 
Stopped execution of TB chain before 0xefdaa180 [00000314] 
Trace 2: 0xefdaa180 [00000000/00000314/0x2520000] 
Stopped execution of TB chain before 0xefdaa180 [00000314] 
Trace 2: 0xefdaa180 [00000000/00000314/0x2520000] 
Stopped execution of TB chain before 0xefdaa180 [00000314] 
Trace 3: 0xefdaa180 [00000000/00000314/0x2520000] 
Stopped execution of TB chain before 0xefdaa180 [00000314] 
Trace 3: 0xefdaa180 [00000000/00000314/0x2520000] 
Stopped execution of TB chain before 0xefaffb40 [00010050] 
Trace 0: 0xefaffb40 [00000000/00010050/0x2520000] 
Stopped execution of TB chain before 0xefaffb40 [00010050] 
Trace 0: 0xefaffb40 [00000000/00010050/0x2520000] 
Stopped execution of TB chain before 0xefdaa180 [00000314] 
Trace 1: 0xefdaa180 [00000000/00000314/0x2520000] 
Stopped execution of TB chain before 0xefdaa180 [00000314] 
Trace 1: 0xefdaa180 [00000000/00000314/0x2520000] 
Stopped execution of TB chain before 0xefdaa180 [00000314] 
Trace 2: 0xefdaa180 [00000000/00000314/0x2520000] 
Stopped execution of TB chain before 0xefdaa180 [00000314] 
Trace 2: 0xefdaa180 [00000000/00000314/0x2520000] 
Stopped execution of TB chain before 0xefdaa180 [00000314] 
Trace 3: 0xefdaa180 [00000000/00000314/0x2520000] 
Stopped execution of TB chain before 0xefdaa180 [00000314] 
Trace 3: 0xefdaa180 [00000000/00000314/0x2520000] 
Stopped execution of TB chain before 0xefaffb40 [00010050] 
Trace 0: 0xefaffb40 [00000000/00010050/0x2520000] 
Stopped execution of TB chain before 0xefaffb40 [00010050] 
Trace 0: 0xefaffb40 [00000000/00010050/0x2520000] 
Stopped execution of TB chain before 0xefdaa180 [00000314] 
Trace 1: 0xefdaa180 [00000000/00000314/0x2520000] 
Stopped execution of TB chain before 0xefdaa180 [00000314] 
Trace 1: 0xefdaa180 [00000000/00000314/0x2520000] 
Stopped execution of TB chain before 0xefdaa180 [00000314] 
Trace 2: 0xefdaa180 [00000000/00000314/0x2520000] 
Stopped execution of TB chain before 0xefdaa180 [00000314] 
Trace 2: 0xefdaa180 [00000000/00000314/0x2520000] 
Stopped execution of TB chain before 0xefdaa180 [00000314] 
Trace 3: 0xefdaa180 [00000000/00000314/0x2520000] 
Stopped execution of TB chain before 0xefdaa180 [00000314] 
Trace 3: 0xefdaa180 [00000000/00000314/0x2520000] 
Stopped execution of TB chain before 0xefaffb40 [00010050] 
Trace 0: 0xefaffb40 [00000000/00010050/0x2520000] 
Stopped execution of TB chain before 0xefaffb40 [00010050] 
Trace 0: 0xefaffb40 [00000000/00010050/0x2520000] 
Stopped execution of TB chain before 0xefdaa180 [00000314] 
Trace 1: 0xefdaa180 [00000000/00000314/0x2520000] 
Stopped execution of TB chain before 0xefdaa180 [00000314] 
Trace 1: 0xefdaa180 [00000000/00000314/0x2520000] 
Stopped execution of TB chain before 0xefdaa180 [00000314] 
Trace 2: 0xefdaa180 [00000000/00000314/0x2520000] 
Stopped execution of TB chain before 0xefdaa180 [00000314] 
Trace 2: 0xefdaa180 [00000000/00000314/0x2520000] 
Stopped execution of TB chain before 0xefdaa180 [00000314] 
Trace 3: 0xefdaa180 [00000000/00000314/0x2520000] 
Stopped execution of TB chain before 0xefdaa180 [00000314] 
Trace 3: 0xefdaa180 [00000000/00000314/0x2520000] 
Stopped execution of TB chain before 0xefaffb40 [00010050] 
Trace 0: 0xefaffb40 [00000000/00010050/0x2520000] 
Stopped execution of TB chain before 0xefaffb40 [00010050] 
Trace 0: 0xefaffb40 [00000000/00010050/0x2520000] 
Stopped execution of TB chain before 0xefdaa180 [00000314] 
Trace 1: 0xefdaa180 [00000000/00000314/0x2520000] 
Stopped execution of TB chain before 0xefdaa180 [00000314] 
Trace 1: 0xefdaa180 [00000000/00000314/0x2520000] 
Stopped execution of TB chain before 0xefdaa180 [00000314] 
Trace 2: 0xefdaa180 [00000000/00000314/0x2520000] 
Stopped execution of TB chain before 0xefdaa180 [00000314] 
Trace 2: 0xefdaa180 [00000000/00000314/0x2520000] 
Stopped execution of TB chain before 0xefdaa180 [00000314] 
Trace 3: 0xefdaa180 [00000000/00000314/0x2520000] 
Stopped execution of TB chain before 0xefdaa180 [00000314] 
Trace 3: 0xefdaa180 [00000000/00000314/0x2520000] 
Stopped execution of TB chain before 0xefaffb40 [00010050] 
Trace 0: 0xefaffb40 [00000000/00010050/0x2520000] 
Stopped execution of TB chain before 0xefaffb40 [00010050] 
Trace 0: 0xefaffb40 [00000000/00010050/0x2520000] 
Stopped execution of TB chain before 0xefdaa180 [00000314] 
Trace 1: 0xefdaa180 [00000000/00000314/0x2520000] 
Stopped execution of TB chain before 0xefdaa180 [00000314] 
Trace 1: 0xefdaa180 [00000000/00000314/0x2520000] 
Stopped execution of TB chain before 0xefdaa180 [00000314] 
Trace 2: 0xefdaa180 [00000000/00000314/0x2520000] 
Stopped execution of TB chain before 0xefdaa180 [00000314] 
Trace 2: 0xefdaa180 [00000000/00000314/0x2520000] 
Stopped execution of TB chain before 0xefdaa180 [00000314] 
Trace 3: 0xefdaa180 [00000000/00000314/0x2520000] 
Stopped execution of TB chain before 0xefdaa180 [00000314] 
Trace 3: 0xefdaa180 [00000000/00000314/0x2520000] 
Stopped execution of TB chain before 0xefaffb40 [00010050] 
Trace 0: 0xefaffb40 [00000000/00010050/0x2520000] 
Stopped execution of TB chain before 0xefaffb40 [00010050] 
Trace 0: 0xefaffb40 [00000000/00010050/0x2520000] 
Stopped execution of TB chain before 0xefdaa180 [00000314] 
Trace 1: 0xefdaa180 [00000000/00000314/0x2520000] 
Stopped execution of TB chain before 0xefdaa180 [00000314] 
Trace 1: 0xefdaa180 [00000000/00000314/0x2520000] 
Stopped execution of TB chain before 0xefdaa180 [00000314] 
Trace 2: 0xefdaa180 [00000000/00000314/0x2520000] 
Stopped execution of TB chain before 0xefdaa180 [00000314] 
Trace 2: 0xefdaa180 [00000000/00000314/0x2520000] 
Stopped execution of TB chain before 0xefdaa180 [00000314] 
Trace 3: 0xefdaa180 [00000000/00000314/0x2520000] 
Stopped execution of TB chain before 0xefdaa180 [00000314] 
Trace 3: 0xefdaa180 [00000000/00000314/0x2520000] 
Stopped execution of TB chain before 0xefaffb40 [00010050] 
Trace 0: 0xefaffb40 [00000000/00010050/0x2520000] 
Stopped execution of TB chain before 0xefaffb40 [00010050] 
Trace 0: 0xefaffb40 [00000000/00010050/0x2520000] 
Stopped execution of TB chain before 0xefdaa180 [00000314] 
Trace 1: 0xefdaa180 [00000000/00000314/0x2520000] 
Stopped execution of TB chain before 0xefdaa180 [00000314] 
Trace 1: 0xefdaa180 [00000000/00000314/0x2520000] 
Stopped execution of TB chain before 0xefdaa180 [00000314] 
Trace 2: 0xefdaa180 [00000000/00000314/0x2520000] 
Stopped execution of TB chain before 0xefdaa180 [00000314] 
Trace 2: 0xefdaa180 [00000000/00000314/0x2520000] 
Stopped execution of TB chain before 0xefdaa180 [00000314] 
Trace 3: 0xefdaa180 [00000000/00000314/0x2520000] 
Stopped execution of TB chain before 0xefdaa180 [00000314] 
Trace 3: 0xefdaa180 [00000000/00000314/0x2520000] 
Stopped execution of TB chain before 0xefaffb40 [00010050] 
Trace 0: 0xefaffb40 [00000000/00010050/0x2520000] 
Stopped execution of TB chain before 0xefaffb40 [00010050] 
Trace 0: 0xefaffb40 [00000000/00010050/0x2520000] 
Stopped execution of TB chain before 0xefdaa180 [00000314] 
Trace 1: 0xefdaa180 [00000000/00000314/0x2520000] 
Stopped execution of TB chain before 0xefdaa180 [00000314] 
Trace 1: 0xefdaa180 [00000000/00000314/0x2520000] 
Stopped execution of TB chain before 0xefdaa180 [00000314] 
Trace 2: 0xefdaa180 [00000000/00000314/0x2520000] 
Stopped execution of TB chain before 0xefdaa180 [00000314] 
Trace 2: 0xefdaa180 [00000000/00000314/0x2520000] 
Stopped execution of TB chain before 0xefdaa180 [00000314] 
Trace 3: 0xefdaa180 [00000000/00000314/0x2520000] 
Stopped execution of TB chain before 0xefdaa180 [00000314] 
Trace 3: 0xefdaa180 [00000000/00000314/0x2520000] 
Stopped execution of TB chain before 0xefaffb40 [00010050] 
Trace 0: 0xefaffb40 [00000000/00010050/0x2520000] 
Stopped execution of TB chain before 0xefaffb40 [00010050] 
Trace 0: 0xefaffb40 [00000000/00010050/0x2520000] 
Stopped execution of TB chain before 0xefdaa180 [00000314] 
Trace 1: 0xefdaa180 [00000000/00000314/0x2520000] 
Stopped execution of TB chain before 0xefdaa180 [00000314] 
Trace 1: 0xefdaa180 [00000000/00000314/0x2520000] 
Stopped execution of TB chain before 0xefdaa180 [00000314] 
Trace 2: 0xefdaa180 [00000000/00000314/0x2520000] 
Stopped execution of TB chain before 0xefdaa180 [00000314] 
Trace 2: 0xefdaa180 [00000000/00000314/0x2520000] 
Stopped execution of TB chain before 0xefdaa180 [00000314] 
Trace 3: 0xefdaa180 [00000000/00000314/0x2520000] 
Stopped execution of TB chain before 0xefdaa180 [00000314] 
Trace 3: 0xefdaa180 [00000000/00000314/0x2520000] 
Stopped execution of TB chain before 0xefaffb40 [00010050] 
Trace 0: 0xefaffb40 [00000000/00010050/0x2520000] 
Stopped execution of TB chain before 0xefaffb40 [00010050] 
Trace 0: 0xefaffb40 [00000000/00010050/0x2520000] 
Stopped execution of TB chain before 0xefdaa180 [00000314] 
Trace 1: 0xefdaa180 [00000000/00000314/0x2520000] 
Stopped execution of TB chain before 0xefdaa180 [00000314] 
Trace 1: 0xefdaa180 [00000000/00000314/0x2520000] 
Stopped execution of TB chain before 0xefdaa180 [00000314] 
Trace 2: 0xefdaa180 [00000000/00000314/0x2520000] 
Stopped execution of TB chain before 0xefdaa180 [00000314] 
Trace 2: 0xefdaa180 [00000000/00000314/0x2520000] 
Stopped execution of TB chain before 0xefdaa180 [00000314] 
Trace 3: 0xefdaa180 [00000000/00000314/0x2520000] 
Stopped execution of TB chain before 0xefdaa180 [00000314] 
Trace 3: 0xefdaa180 [00000000/00000314/0x2520000] 
Stopped execution of TB chain before 0xefaffb40 [00010050] 
Trace 0: 0xefaffb40 [00000000/00010050/0x2520000] 
Stopped execution of TB chain before 0xefaffb40 [00010050] 
Trace 0: 0xefaffb40 [00000000/00010050/0x2520000] 
Stopped execution of TB chain before 0xefdaa180 [00000314] 
Trace 1: 0xefdaa180 [00000000/00000314/0x2520000] 
Stopped execution of TB chain before 0xefdaa180 [00000314] 
Trace 1: 0xefdaa180 [00000000/00000314/0x2520000] 
Stopped execution of TB chain before 0xefdaa180 [00000314] 
Trace 2: 0xefdaa180 [00000000/00000314/0x2520000] 
Stopped execution of TB chain before 0xefdaa180 [00000314] 
Trace 2: 0xefdaa180 [00000000/00000314/0x2520000] 
Stopped execution of TB chain before 0xefdaa180 [00000314] 
Trace 3: 0xefdaa180 [00000000/00000314/0x2520000] 
Stopped execution of TB chain before 0xefdaa180 [00000314] 
Trace 3: 0xefdaa180 [00000000/00000314/0x2520000] 
Stopped execution of TB chain before 0xefaffb40 [00010050] 
Trace 0: 0xefaffb40 [00000000/00010050/0x2520000] 
Stopped execution of TB chain before 0xefaffb40 [00010050] 
Trace 0: 0xefaffb40 [00000000/00010050/0x2520000] 
Stopped execution of TB chain before 0xefdaa180 [00000314] 
Trace 1: 0xefdaa180 [00000000/00000314/0x2520000] 
Stopped execution of TB chain before 0xefdaa180 [00000314] 
Trace 1: 0xefdaa180 [00000000/00000314/0x2520000] 
Stopped execution of TB chain before 0xefdaa180 [00000314] 
Trace 2: 0xefdaa180 [00000000/00000314/0x2520000] 
Stopped execution of TB chain before 0xefdaa180 [00000314] 
Trace 2: 0xefdaa180 [00000000/00000314/0x2520000] 
Stopped execution of TB chain before 0xefdaa180 [00000314] 
Trace 3: 0xefdaa180 [00000000/00000314/0x2520000] 
Stopped execution of TB chain before 0xefdaa180 [00000314] 
Trace 3: 0xefdaa180 [00000000/00000314/0x2520000] 
Stopped execution of TB chain before 0xefaffb40 [00010050] 
Trace 0: 0xefaffb40 [00000000/00010050/0x2520000] 
Stopped execution of TB chain before 0xefaffb40 [00010050] 
Trace 0: 0xefaffb40 [00000000/00010050/0x2520000] 
Stopped execution of TB chain before 0xefdaa180 [00000314] 
Trace 1: 0xefdaa180 [00000000/00000314/0x2520000] 
Stopped execution of TB chain before 0xefdaa180 [00000314] 
Trace 1: 0xefdaa180 [00000000/00000314/0x2520000] 
Stopped execution of TB chain before 0xefdaa180 [00000314] 
Trace 2: 0xefdaa180 [00000000/00000314/0x2520000] 
Stopped execution of TB chain before 0xefdaa180 [00000314] 
Trace 2: 0xefdaa180 [00000000/00000314/0x2520000] 
Stopped execution of TB chain before 0xefdaa180 [00000314] 
Trace 3: 0xefdaa180 [00000000/00000314/0x2520000] 
Stopped execution of TB chain before 0xefdaa180 [00000314] 
Trace 3: 0xefdaa180 [00000000/00000314/0x2520000] 
Stopped execution of TB chain before 0xefaffb40 [00010050] 
Trace 0: 0xefaffb40 [00000000/00010050/0x2520000] 
Stopped execution of TB chain before 0xefaffb40 [00010050] 
Trace 0: 0xefaffb40 [00000000/00010050/0x2520000] 
Stopped execution of TB chain before 0xefdaa180 [00000314] 
Trace 1: 0xefdaa180 [00000000/00000314/0x2520000] 
Stopped execution of TB chain before 0xefdaa180 [00000314] 
Trace 1: 0xefdaa180 [00000000/00000314/0x2520000] 
Stopped execution of TB chain before 0xefdaa180 [00000314] 
Trace 2: 0xefdaa180 [00000000/00000314/0x2520000] 
Stopped execution of TB chain before 0xefdaa180 [00000314] 
Trace 2: 0xefdaa180 [00000000/00000314/0x2520000] 
Stopped execution of TB chain before 0xefdaa180 [00000314] 
Trace 3: 0xefdaa180 [00000000/00000314/0x2520000] 
Stopped execution of TB chain before 0xefdaa180 [00000314] 
Trace 3: 0xefdaa180 [00000000/00000314/0x2520000] 
Stopped execution of TB chain before 0xefaffb40 [00010050] 
Trace 0: 0xefaffb40 [00000000/00010050/0x2520000] 
Stopped execution of TB chain before 0xefaffb40 [00010050] 
Trace 0: 0xefaffb40 [00000000/00010050/0x2520000] 
Stopped execution of TB chain before 0xefdaa180 [00000314] 
Trace 1: 0xefdaa180 [00000000/00000314/0x2520000] 
Stopped execution of TB chain before 0xefdaa180 [00000314] 
Trace 1: 0xefdaa180 [00000000/00000314/0x2520000] 
Stopped execution of TB chain before 0xefdaa180 [00000314] 
Trace 2: 0xefdaa180 [00000000/00000314/0x2520000] 
Stopped execution of TB chain before 0xefdaa180 [00000314] 
Trace 2: 0xefdaa180 [00000000/00000314/0x2520000] 
Stopped execution of TB chain before 0xefdaa180 [00000314] 
Trace 3: 0xefdaa180 [00000000/00000314/0x2520000] 
Stopped execution of TB chain before 0xefdaa180 [00000314] 
Trace 3: 0xefdaa180 [00000000/00000314/0x2520000] 
Stopped execution of TB chain before 0xefaffb40 [00010050] 
Trace 0: 0xefaffb40 [00000000/00010050/0x2520000] 
Stopped execution of TB chain before 0xefaffb40 [00010050] 
Trace 0: 0xefaffb40 [00000000/00010050/0x2520000] 
Stopped execution of TB chain before 0xefdaa180 [00000314] 
Trace 1: 0xefdaa180 [00000000/00000314/0x2520000] 
Stopped execution of TB chain before 0xefdaa180 [00000314] 
Trace 1: 0xefdaa180 [00000000/00000314/0x2520000] 
Stopped execution of TB chain before 0xefdaa180 [00000314] 
Trace 2: 0xefdaa180 [00000000/00000314/0x2520000] 
Stopped execution of TB chain before 0xefdaa180 [00000314] 
Trace 2: 0xefdaa180 [00000000/00000314/0x2520000] 
Stopped execution of TB chain before 0xefdaa180 [00000314] 
Trace 3: 0xefdaa180 [00000000/00000314/0x2520000] 
Stopped execution of TB chain before 0xefdaa180 [00000314] 
Trace 3: 0xefdaa180 [00000000/00000314/0x2520000] 
Stopped execution of TB chain before 0xefaffb40 [00010050] 
Trace 0: 0xefaffb40 [00000000/00010050/0x2520000] 
Stopped execution of TB chain before 0xefaffb40 [00010050] 
Trace 0: 0xefaffb40 [00000000/00010050/0x2520000] 
Stopped execution of TB chain before 0xefdaa180 [00000314] 
Trace 1: 0xefdaa180 [00000000/00000314/0x2520000] 
Stopped execution of TB chain before 0xefdaa180 [00000314] 
Trace 1: 0xefdaa180 [00000000/00000314/0x2520000] 
Stopped execution of TB chain before 0xefdaa180 [00000314] 
Trace 2: 0xefdaa180 [00000000/00000314/0x2520000] 
Stopped execution of TB chain before 0xefdaa180 [00000314] 
Trace 2: 0xefdaa180 [00000000/00000314/0x2520000] 
Stopped execution of TB chain before 0xefdaa180 [00000314] 
Trace 3: 0xefdaa180 [00000000/00000314/0x2520000] 
Stopped execution of TB chain before 0xefdaa180 [00000314] 
Trace 3: 0xefdaa180 [00000000/00000314/0x2520000] 
Stopped execution of TB chain before 0xefaffb40 [00010050] 
Trace 0: 0xefaffb40 [00000000/00010050/0x2520000] 
Stopped execution of TB chain before 0xefaffb40 [00010050] 
Trace 0: 0xefaffb40 [00000000/00010050/0x2520000] 
Stopped execution of TB chain before 0xefdaa180 [00000314] 
Trace 1: 0xefdaa180 [00000000/00000314/0x2520000] 
Stopped execution of TB chain before 0xefdaa180 [00000314] 
Trace 1: 0xefdaa180 [00000000/00000314/0x2520000] 
Stopped execution of TB chain before 0xefdaa180 [00000314] 
Trace 2: 0xefdaa180 [00000000/00000314/0x2520000] 
Stopped execution of TB chain before 0xefdaa180 [00000314] 
Trace 2: 0xefdaa180 [00000000/00000314/0x2520000] 
Stopped execution of TB chain before 0xefdaa180 [00000314] 
Trace 3: 0xefdaa180 [00000000/00000314/0x2520000] 
Stopped execution of TB chain before 0xefdaa180 [00000314] 
Trace 3: 0xefdaa180 [00000000/00000314/0x2520000] 
Stopped execution of TB chain before 0xefaffb40 [00010050] 
Trace 0: 0xefaffb40 [00000000/00010050/0x2520000] 
Stopped execution of TB chain before 0xefaffb40 [00010050] 
Trace 0: 0xefaffb40 [00000000/00010050/0x2520000] 
Stopped execution of TB chain before 0xefdaa180 [00000314] 
Trace 1: 0xefdaa180 [00000000/00000314/0x2520000] 
Stopped execution of TB chain before 0xefdaa180 [00000314] 
Trace 1: 0xefdaa180 [00000000/00000314/0x2520000] 
Stopped execution of TB chain before 0xefdaa180 [00000314] 
Trace 2: 0xefdaa180 [00000000/00000314/0x2520000] 
Stopped execution of TB chain before 0xefdaa180 [00000314] 
Trace 2: 0xefdaa180 [00000000/00000314/0x2520000] 
Stopped execution of TB chain before 0xefdaa180 [00000314] 
Trace 3: 0xefdaa180 [00000000/00000314/0x2520000] 
Stopped execution of TB chain before 0xefdaa180 [00000314] 
Trace 3: 0xefdaa180 [00000000/00000314/0x2520000] 
Stopped execution of TB chain before 0xefaffb40 [00010050] 
Trace 0: 0xefaffb40 [00000000/00010050/0x2520000] 
Stopped execution of TB chain before 0xefaffb40 [00010050] 
Trace 0: 0xefaffb40 [00000000/00010050/0x2520000] 
Stopped execution of TB chain before 0xefdaa180 [00000314] 
Trace 1: 0xefdaa180 [00000000/00000314/0x2520000] 
Stopped execution of TB chain before 0xefdaa180 [00000314] 
Trace 1: 0xefdaa180 [00000000/00000314/0x2520000] 
Stopped execution of TB chain before 0xefdaa180 [00000314] 
Trace 2: 0xefdaa180 [00000000/00000314/0x2520000] 
Stopped execution of TB chain before 0xefdaa180 [00000314] 
Trace 2: 0xefdaa180 [00000000/00000314/0x2520000] 
Stopped execution of TB chain before 0xefdaa180 [00000314] 
Trace 3: 0xefdaa180 [00000000/00000314/0x2520000] 
Stopped execution of TB chain before 0xefdaa180 [00000314] 
Trace 3: 0xefdaa180 [00000000/00000314/0x2520000] 
Stopped execution of TB chain before 0xefaffb40 [00010050] 
Trace 0: 0xefaffb40 [00000000/00010050/0x2520000] 
Stopped execution of TB chain before 0xefaffb40 [00010050] 
Trace 0: 0xefaffb40 [00000000/00010050/0x2520000] 
Stopped execution of TB chain before 0xefdaa180 [00000314] 
Trace 1: 0xefdaa180 [00000000/00000314/0x2520000] 
Stopped execution of TB chain before 0xefdaa180 [00000314] 
Trace 1: 0xefdaa180 [00000000/00000314/0x2520000] 
Stopped execution of TB chain before 0xefdaa180 [00000314] 
Trace 2: 0xefdaa180 [00000000/00000314/0x2520000] 
Stopped execution of TB chain before 0xefdaa180 [00000314] 
Trace 2: 0xefdaa180 [00000000/00000314/0x2520000] 
Stopped execution of TB chain before 0xefdaa180 [00000314] 
Trace 3: 0xefdaa180 [00000000/00000314/0x2520000] 
Stopped execution of TB chain before 0xefdaa180 [00000314] 
Trace 3: 0xefdaa180 [00000000/00000314/0x2520000] 
Stopped execution of TB chain before 0xefaffb40 [00010050] 
Trace 0: 0xefaffb40 [00000000/00010050/0x2520000] 
Stopped execution of TB chain before 0xefaffb40 [00010050] 
Trace 0: 0xefaffb40 [00000000/00010050/0x2520000] 
Stopped execution of TB chain before 0xefdaa180 [00000314] 
Trace 1: 0xefdaa180 [00000000/00000314/0x2520000] 
Stopped execution of TB chain before 0xefdaa180 [00000314] 
Trace 1: 0xefdaa180 [00000000/00000314/0x2520000] 
Stopped execution of TB chain before 0xefdaa180 [00000314] 
Trace 2: 0xefdaa180 [00000000/00000314/0x2520000] 
Stopped execution of TB chain before 0xefdaa180 [00000314] 
Trace 2: 0xefdaa180 [00000000/00000314/0x2520000] 
Stopped execution of TB chain before 0xefdaa180 [00000314] 
Trace 3: 0xefdaa180 [00000000/00000314/0x2520000] 
Stopped execution of TB chain before 0xefdaa180 [00000314] 
Trace 3: 0xefdaa180 [00000000/00000314/0x2520000] 
Stopped execution of TB chain before 0xefaffb40 [00010050] 
Trace 0: 0xefaffb40 [00000000/00010050/0x2520000] 
Stopped execution of TB chain before 0xefaffb40 [00010050] 
Trace 0: 0xefaffb40 [00000000/00010050/0x2520000] 
Stopped execution of TB chain before 0xefdaa180 [00000314] 
Trace 1: 0xefdaa180 [00000000/00000314/0x2520000] 
Stopped execution of TB chain before 0xefdaa180 [00000314] 
Trace 1: 0xefdaa180 [00000000/00000314/0x2520000] 
Stopped execution of TB chain before 0xefdaa180 [00000314] 
Trace 2: 0xefdaa180 [00000000/00000314/0x2520000] 
Stopped execution of TB chain before 0xefdaa180 [00000314] 
Trace 2: 0xefdaa180 [00000000/00000314/0x2520000] 
Stopped execution of TB chain before 0xefdaa180 [00000314] 
Trace 3: 0xefdaa180 [00000000/00000314/0x2520000] 
Stopped execution of TB chain before 0xefdaa180 [00000314] 
Trace 3: 0xefdaa180 [00000000/00000314/0x2520000] 
Stopped execution of TB chain before 0xefaffb40 [00010050] 
Trace 0: 0xefaffb40 [00000000/00010050/0x2520000] 
Stopped execution of TB chain before 0xefaffb40 [00010050] 
Trace 0: 0xefaffb40 [00000000/00010050/0x2520000] 
Stopped execution of TB chain before 0xefdaa180 [00000314] 
Trace 1: 0xefdaa180 [00000000/00000314/0x2520000] 
Stopped execution of TB chain before 0xefdaa180 [00000314] 
Trace 1: 0xefdaa180 [00000000/00000314/0x2520000] 
Stopped execution of TB chain before 0xefdaa180 [00000314] 
Trace 2: 0xefdaa180 [00000000/00000314/0x2520000] 
Stopped execution of TB chain before 0xefdaa180 [00000314] 
Trace 2: 0xefdaa180 [00000000/00000314/0x2520000] 
Stopped execution of TB chain before 0xefdaa180 [00000314] 
Trace 3: 0xefdaa180 [00000000/00000314/0x2520000] 
Stopped execution of TB chain before 0xefdaa180 [00000314] 
Trace 3: 0xefdaa180 [00000000/00000314/0x2520000] 
Stopped execution of TB chain before 0xefaffb40 [00010050] 
Trace 0: 0xefaffb40 [00000000/00010050/0x2520000] 
Stopped execution of TB chain before 0xefaffb40 [00010050] 
Trace 0: 0xefaffb40 [00000000/00010050/0x2520000] 
Stopped execution of TB chain before 0xefdaa180 [00000314] 
Trace 1: 0xefdaa180 [00000000/00000314/0x2520000] 
Stopped execution of TB chain before 0xefdaa180 [00000314] 
Trace 1: 0xefdaa180 [00000000/00000314/0x2520000] 
Stopped execution of TB chain before 0xefdaa180 [00000314] 
Trace 2: 0xefdaa180 [00000000/00000314/0x2520000] 
Stopped execution of TB chain before 0xefdaa180 [00000314] 
Trace 2: 0xefdaa180 [00000000/00000314/0x2520000] 
Stopped execution of TB chain before 0xefdaa180 [00000314] 
Trace 3: 0xefdaa180 [00000000/00000314/0x2520000] 
Stopped execution of TB chain before 0xefdaa180 [00000314] 
Trace 3: 0xefdaa180 [00000000/00000314/0x2520000] 
Stopped execution of TB chain before 0xefaffb40 [00010050] 
Trace 0: 0xefaffb40 [00000000/00010050/0x2520000] 
Stopped execution of TB chain before 0xefaffb40 [00010050] 
Trace 0: 0xefaffb40 [00000000/00010050/0x2520000] 
Stopped execution of TB chain before 0xefdaa180 [00000314] 
Trace 1: 0xefdaa180 [00000000/00000314/0x2520000] 
Stopped execution of TB chain before 0xefdaa180 [00000314] 
Trace 1: 0xefdaa180 [00000000/00000314/0x2520000] 
Stopped execution of TB chain before 0xefdaa180 [00000314] 
Trace 2: 0xefdaa180 [00000000/00000314/0x2520000] 
Stopped execution of TB chain before 0xefdaa180 [00000314] 
Trace 2: 0xefdaa180 [00000000/00000314/0x2520000] 
Stopped execution of TB chain before 0xefdaa180 [00000314] 
Trace 3: 0xefdaa180 [00000000/00000314/0x2520000] 
Stopped execution of TB chain before 0xefdaa180 [00000314] 
Trace 3: 0xefdaa180 [00000000/00000314/0x2520000] 
Stopped execution of TB chain before 0xefaffb40 [00010050] 
Trace 0: 0xefaffb40 [00000000/00010050/0x2520000] 
Stopped execution of TB chain before 0xefaffb40 [00010050] 
Trace 0: 0xefaffb40 [00000000/00010050/0x2520000] 
Stopped execution of TB chain before 0xefdaa180 [00000314] 
Trace 1: 0xefdaa180 [00000000/00000314/0x2520000] 
Stopped execution of TB chain before 0xefdaa180 [00000314] 
Trace 1: 0xefdaa180 [00000000/00000314/0x2520000] 
Stopped execution of TB chain before 0xefdaa180 [00000314] 
Trace 2: 0xefdaa180 [00000000/00000314/0x2520000] 
Stopped execution of TB chain before 0xefdaa180 [00000314] 
Trace 2: 0xefdaa180 [00000000/00000314/0x2520000] 
Stopped execution of TB chain before 0xefdaa180 [00000314] 
Trace 3: 0xefdaa180 [00000000/00000314/0x2520000] 
Stopped execution of TB chain before 0xefdaa180 [00000314] 
Trace 3: 0xefdaa180 [00000000/00000314/0x2520000] 
Stopped execution of TB chain before 0xefaffb40 [00010050] 
Trace 0: 0xefaffb40 [00000000/00010050/0x2520000] 
Stopped execution of TB chain before 0xefaffb40 [00010050] 
Trace 0: 0xefaffb40 [00000000/00010050/0x2520000] 
Stopped execution of TB chain before 0xefdaa180 [00000314] 
Trace 1: 0xefdaa180 [00000000/00000314/0x2520000] 
Stopped execution of TB chain before 0xefdaa180 [00000314] 
Trace 1: 0xefdaa180 [00000000/00000314/0x2520000] 
Stopped execution of TB chain before 0xefdaa180 [00000314] 
Trace 2: 0xefdaa180 [00000000/00000314/0x2520000] 
Stopped execution of TB chain before 0xefdaa180 [00000314] 
Trace 2: 0xefdaa180 [00000000/00000314/0x2520000] 
Stopped execution of TB chain before 0xefdaa180 [00000314] 
Trace 3: 0xefdaa180 [00000000/00000314/0x2520000] 
Stopped execution of TB chain before 0xefdaa180 [00000314] 
Trace 3: 0xefdaa180 [00000000/00000314/0x2520000] 
Stopped execution of TB chain before 0xefaffb40 [00010050] 
Trace 0: 0xefaffb40 [00000000/00010050/0x2520000] 
Stopped execution of TB chain before 0xefaffb40 [00010050] 
Trace 0: 0xefaffb40 [00000000/00010050/0x2520000] 
Stopped execution of TB chain before 0xefdaa180 [00000314] 
Trace 1: 0xefdaa180 [00000000/00000314/0x2520000] 
Stopped execution of TB chain before 0xefdaa180 [00000314] 
Trace 1: 0xefdaa180 [00000000/00000314/0x2520000] 
Stopped execution of TB chain before 0xefdaa180 [00000314] 
Trace 2: 0xefdaa180 [00000000/00000314/0x2520000] 
Stopped execution of TB chain before 0xefdaa180 [00000314] 
Trace 2: 0xefdaa180 [00000000/00000314/0x2520000] 
Stopped execution of TB chain before 0xefdaa180 [00000314] 
Trace 3: 0xefdaa180 [00000000/00000314/0x2520000] 
Stopped execution of TB chain before 0xefdaa180 [00000314] 
Trace 3: 0xefdaa180 [00000000/00000314/0x2520000] 
Stopped execution of TB chain before 0xefaffb40 [00010050] 
Trace 0: 0xefaffb40 [00000000/00010050/0x2520000] 
Stopped execution of TB chain before 0xefaffb40 [00010050] 
Trace 0: 0xefaffb40 [00000000/00010050/0x2520000] 
Stopped execution of TB chain before 0xefdaa180 [00000314] 
Trace 1: 0xefdaa180 [00000000/00000314/0x2520000] 
Stopped execution of TB chain before 0xefdaa180 [00000314] 
Trace 1: 0xefdaa180 [00000000/00000314/0x2520000] 
Stopped execution of TB chain before 0xefdaa180 [00000314] 
Trace 2: 0xefdaa180 [00000000/00000314/0x2520000] 
Stopped execution of TB chain before 0xefdaa180 [00000314] 
Trace 2: 0xefdaa180 [00000000/00000314/0x2520000] 
Stopped execution of TB chain before 0xefdaa180 [00000314] 
Trace 3: 0xefdaa180 [00000000/00000314/0x2520000] 
Stopped execution of TB chain before 0xefdaa180 [00000314] 
Trace 3: 0xefdaa180 [00000000/00000314/0x2520000] 
Stopped execution of TB chain before 0xefaffb40 [00010050] 
Trace 0: 0xefaffb40 [00000000/00010050/0x2520000] 
Stopped execution of TB chain before 0xefaffb40 [00010050] 
Trace 0: 0xefaffb40 [00000000/00010050/0x2520000] 
Stopped execution of TB chain before 0xefdaa180 [00000314] 
Trace 1: 0xefdaa180 [00000000/00000314/0x2520000] 
Stopped execution of TB chain before 0xefdaa180 [00000314] 
Trace 1: 0xefdaa180 [00000000/00000314/0x2520000] 
Stopped execution of TB chain before 0xefdaa180 [00000314] 
Trace 2: 0xefdaa180 [00000000/00000314/0x2520000] 
Stopped execution of TB chain before 0xefdaa180 [00000314] 
Trace 2: 0xefdaa180 [00000000/00000314/0x2520000] 
Stopped execution of TB chain before 0xefdaa180 [00000314] 
Trace 3: 0xefdaa180 [00000000/00000314/0x2520000] 
Stopped execution of TB chain before 0xefdaa180 [00000314] 
Trace 3: 0xefdaa180 [00000000/00000314/0x2520000] 
Stopped execution of TB chain before 0xefaffb40 [00010050] 
Trace 0: 0xefaffb40 [00000000/00010050/0x2520000] 
Stopped execution of TB chain before 0xefaffb40 [00010050] 
Trace 0: 0xefaffb40 [00000000/00010050/0x2520000] 
Stopped execution of TB chain before 0xefdaa180 [00000314] 
Trace 1: 0xefdaa180 [00000000/00000314/0x2520000] 
Stopped execution of TB chain before 0xefdaa180 [00000314] 
Trace 1: 0xefdaa180 [00000000/00000314/0x2520000] 
Stopped execution of TB chain before 0xefdaa180 [00000314] 
Trace 2: 0xefdaa180 [00000000/00000314/0x2520000] 
Stopped execution of TB chain before 0xefdaa180 [00000314] 
Trace 2: 0xefdaa180 [00000000/00000314/0x2520000] 
Stopped execution of TB chain before 0xefdaa180 [00000314] 
Trace 3: 0xefdaa180 [00000000/00000314/0x2520000] 
Stopped execution of TB chain before 0xefdaa180 [00000314] 
Trace 3: 0xefdaa180 [00000000/00000314/0x2520000] 
Stopped execution of TB chain before 0xefaffb40 [00010050] 
Trace 0: 0xefaffb40 [00000000/00010050/0x2520000] 
Stopped execution of TB chain before 0xefaffb40 [00010050] 
Trace 0: 0xefaffb40 [00000000/00010050/0x2520000] 
Stopped execution of TB chain before 0xefdaa180 [00000314] 
Trace 1: 0xefdaa180 [00000000/00000314/0x2520000] 
Stopped execution of TB chain before 0xefdaa180 [00000314] 
Trace 1: 0xefdaa180 [00000000/00000314/0x2520000] 
Stopped execution of TB chain before 0xefdaa180 [00000314] 
Trace 2: 0xefdaa180 [00000000/00000314/0x2520000] 
Stopped execution of TB chain before 0xefdaa180 [00000314] 
Trace 2: 0xefdaa180 [00000000/00000314/0x2520000] 
Stopped execution of TB chain before 0xefdaa180 [00000314] 
Trace 3: 0xefdaa180 [00000000/00000314/0x2520000] 
Stopped execution of TB chain before 0xefdaa180 [00000314] 
Trace 3: 0xefdaa180 [00000000/00000314/0x2520000] 
Stopped execution of TB chain before 0xefaffb40 [00010050] 
Trace 0: 0xefaffb40 [00000000/00010050/0x2520000] 
Stopped execution of TB chain before 0xefaffb40 [00010050] 
Trace 0: 0xefaffb40 [00000000/00010050/0x2520000] 
Stopped execution of TB chain before 0xefdaa180 [00000314] 
Trace 1: 0xefdaa180 [00000000/00000314/0x2520000] 
Stopped execution of TB chain before 0xefdaa180 [00000314] 
Trace 1: 0xefdaa180 [00000000/00000314/0x2520000] 
Stopped execution of TB chain before 0xefdaa180 [00000314] 
Trace 2: 0xefdaa180 [00000000/00000314/0x2520000] 
Stopped execution of TB chain before 0xefdaa180 [00000314] 
Trace 2: 0xefdaa180 [00000000/00000314/0x2520000] 
Stopped execution of TB chain before 0xefdaa180 [00000314] 
Trace 3: 0xefdaa180 [00000000/00000314/0x2520000] 
Stopped execution of TB chain before 0xefdaa180 [00000314] 
Trace 3: 0xefdaa180 [00000000/00000314/0x2520000] 
Stopped execution of TB chain before 0xefaffb40 [00010050] 
Trace 0: 0xefaffb40 [00000000/00010050/0x2520000] 
Stopped execution of TB chain before 0xefaffb40 [00010050] 
Trace 0: 0xefaffb40 [00000000/00010050/0x2520000] 
Stopped execution of TB chain before 0xefdaa180 [00000314] 
Trace 1: 0xefdaa180 [00000000/00000314/0x2520000] 
Stopped execution of TB chain before 0xefdaa180 [00000314] 
Trace 1: 0xefdaa180 [00000000/00000314/0x2520000] 
Stopped execution of TB chain before 0xefdaa180 [00000314] 
Trace 2: 0xefdaa180 [00000000/00000314/0x2520000] 
Stopped execution of TB chain before 0xefdaa180 [00000314] 
Trace 2: 0xefdaa180 [00000000/00000314/0x2520000] 
Stopped execution of TB chain before 0xefdaa180 [00000314] 
Trace 3: 0xefdaa180 [00000000/00000314/0x2520000] 
Stopped execution of TB chain before 0xefdaa180 [00000314] 
Trace 3: 0xefdaa180 [00000000/00000314/0x2520000] 
Stopped execution of TB chain before 0xefaffb40 [00010050] 
Trace 0: 0xefaffb40 [00000000/00010050/0x2520000] 
Stopped execution of TB chain before 0xefaffb40 [00010050] 
Trace 0: 0xefaffb40 [00000000/00010050/0x2520000] 
Stopped execution of TB chain before 0xefdaa180 [00000314] 
Trace 1: 0xefdaa180 [00000000/00000314/0x2520000] 
Stopped execution of TB chain before 0xefdaa180 [00000314] 
Trace 1: 0xefdaa180 [00000000/00000314/0x2520000] 
Stopped execution of TB chain before 0xefdaa180 [00000314] 
Trace 2: 0xefdaa180 [00000000/00000314/0x2520000] 
Stopped execution of TB chain before 0xefdaa180 [00000314] 
Trace 2: 0xefdaa180 [00000000/00000314/0x2520000] 
Stopped execution of TB chain before 0xefdaa180 [00000314] 
Trace 3: 0xefdaa180 [00000000/00000314/0x2520000] 
Stopped execution of TB chain before 0xefdaa180 [00000314] 
Trace 3: 0xefdaa180 [00000000/00000314/0x2520000] 
Stopped execution of TB chain before 0xefaffb40 [00010050] 
Trace 0: 0xefaffb40 [00000000/00010050/0x2520000] 
Stopped execution of TB chain before 0xefaffb40 [00010050] 
Trace 0: 0xefaffb40 [00000000/00010050/0x2520000] 
Stopped execution of TB chain before 0xefdaa180 [00000314] 
Trace 1: 0xefdaa180 [00000000/00000314/0x2520000] 
Stopped execution of TB chain before 0xefdaa180 [00000314] 
Trace 1: 0xefdaa180 [00000000/00000314/0x2520000] 
Stopped execution of TB chain before 0xefdaa180 [00000314] 
Trace 2: 0xefdaa180 [00000000/00000314/0x2520000] 
Stopped execution of TB chain before 0xefdaa180 [00000314] 
Trace 2: 0xefdaa180 [00000000/00000314/0x2520000] 
Stopped execution of TB chain before 0xefdaa180 [00000314] 
Trace 3: 0xefdaa180 [00000000/00000314/0x2520000] 
Stopped execution of TB chain before 0xefdaa180 [00000314] 
Trace 3: 0xefdaa180 [00000000/00000314/0x2520000] 
Stopped execution of TB chain before 0xefaffb40 [00010050] 
Trace 0: 0xefaffb40 [00000000/00010050/0x2520000] 
Stopped execution of TB chain before 0xefaffb40 [00010050] 
Trace 0: 0xefaffb40 [00000000/00010050/0x2520000] 
Stopped execution of TB chain before 0xefdaa180 [00000314] 
Trace 1: 0xefdaa180 [00000000/00000314/0x2520000] 
Stopped execution of TB chain before 0xefdaa180 [00000314] 
Trace 1: 0xefdaa180 [00000000/00000314/0x2520000] 
Stopped execution of TB chain before 0xefdaa180 [00000314] 
Trace 2: 0xefdaa180 [00000000/00000314/0x2520000] 
Stopped execution of TB chain before 0xefdaa180 [00000314] 
Trace 2: 0xefdaa180 [00000000/00000314/0x2520000] 
Stopped execution of TB chain before 0xefdaa180 [00000314] 
Trace 3: 0xefdaa180 [00000000/00000314/0x2520000] 
Stopped execution of TB chain before 0xefdaa180 [00000314] 
Trace 3: 0xefdaa180 [00000000/00000314/0x2520000] 
Stopped execution of TB chain before 0xefaffb40 [00010050] 
Trace 0: 0xefaffb40 [00000000/00010050/0x2520000] 
Stopped execution of TB chain before 0xefaffb40 [00010050] 
Trace 0: 0xefaffb40 [00000000/00010050/0x2520000] 
Stopped execution of TB chain before 0xefdaa180 [00000314] 
Trace 1: 0xefdaa180 [00000000/00000314/0x2520000] 
Stopped execution of TB chain before 0xefdaa180 [00000314] 
Trace 1: 0xefdaa180 [00000000/00000314/0x2520000] 
Stopped execution of TB chain before 0xefdaa180 [00000314] 
Trace 2: 0xefdaa180 [00000000/00000314/0x2520000] 
Stopped execution of TB chain before 0xefdaa180 [00000314] 
Trace 2: 0xefdaa180 [00000000/00000314/0x2520000] 
Stopped execution of TB chain before 0xefdaa180 [00000314] 
Trace 3: 0xefdaa180 [00000000/00000314/0x2520000] 
Stopped execution of TB chain before 0xefdaa180 [00000314] 
Trace 3: 0xefdaa180 [00000000/00000314/0x2520000] 
Stopped execution of TB chain before 0xefaffb40 [00010050] 
Trace 0: 0xefaffb40 [00000000/00010050/0x2520000] 
Stopped execution of TB chain before 0xefaffb40 [00010050] 
Trace 0: 0xefaffb40 [00000000/00010050/0x2520000] 
Stopped execution of TB chain before 0xefdaa180 [00000314] 
Trace 1: 0xefdaa180 [00000000/00000314/0x2520000] 
Stopped execution of TB chain before 0xefdaa180 [00000314] 
Trace 1: 0xefdaa180 [00000000/00000314/0x2520000] 
Stopped execution of TB chain before 0xefdaa180 [00000314] 
Trace 2: 0xefdaa180 [00000000/00000314/0x2520000] 
Stopped execution of TB chain before 0xefdaa180 [00000314] 
Trace 2: 0xefdaa180 [00000000/00000314/0x2520000] 
Stopped execution of TB chain before 0xefdaa180 [00000314] 
Trace 3: 0xefdaa180 [00000000/00000314/0x2520000] 
Stopped execution of TB chain before 0xefdaa180 [00000314] 
Trace 3: 0xefdaa180 [00000000/00000314/0x2520000] 
Stopped execution of TB chain before 0xefaffb40 [00010050] 
Trace 0: 0xefaffb40 [00000000/00010050/0x2520000] 
Stopped execution of TB chain before 0xefaffb40 [00010050] 
Trace 0: 0xefaffb40 [00000000/00010050/0x2520000] 
Stopped execution of TB chain before 0xefdaa180 [00000314] 
Trace 1: 0xefdaa180 [00000000/00000314/0x2520000] 
Stopped execution of TB chain before 0xefdaa180 [00000314] 
Trace 1: 0xefdaa180 [00000000/00000314/0x2520000] 
Stopped execution of TB chain before 0xefdaa180 [00000314] 
Trace 2: 0xefdaa180 [00000000/00000314/0x2520000] 
Stopped execution of TB chain before 0xefdaa180 [00000314] 
Trace 2: 0xefdaa180 [00000000/00000314/0x2520000] 
Stopped execution of TB chain before 0xefdaa180 [00000314] 
Trace 3: 0xefdaa180 [00000000/00000314/0x2520000] 
Stopped execution of TB chain before 0xefdaa180 [00000314] 
Trace 3: 0xefdaa180 [00000000/00000314/0x2520000] 
Stopped execution of TB chain before 0xefaffb40 [00010050] 
Trace 0: 0xefaffb40 [00000000/00010050/0x2520000] 
Stopped execution of TB chain before 0xefaffb40 [00010050] 
Trace 0: 0xefaffb40 [00000000/00010050/0x2520000] 
Stopped execution of TB chain before 0xefdaa180 [00000314] 
Trace 1: 0xefdaa180 [00000000/00000314/0x2520000] 
Stopped execution of TB chain before 0xefdaa180 [00000314] 
Trace 1: 0xefdaa180 [00000000/00000314/0x2520000] 
Stopped execution of TB chain before 0xefdaa180 [00000314] 
Trace 2: 0xefdaa180 [00000000/00000314/0x2520000] 
Stopped execution of TB chain before 0xefdaa180 [00000314] 
Trace 2: 0xefdaa180 [00000000/00000314/0x2520000] 
Stopped execution of TB chain before 0xefdaa180 [00000314] 
Trace 3: 0xefdaa180 [00000000/00000314/0x2520000] 
Stopped execution of TB chain before 0xefdaa180 [00000314] 
Trace 3: 0xefdaa180 [00000000/00000314/0x2520000] 
Stopped execution of TB chain before 0xefaffb40 [00010050] 
Trace 0: 0xefaffb40 [00000000/00010050/0x2520000] 
Stopped execution of TB chain before 0xefaffb40 [00010050] 
Trace 0: 0xefaffb40 [00000000/00010050/0x2520000] 
Stopped execution of TB chain before 0xefdaa180 [00000314] 
Trace 1: 0xefdaa180 [00000000/00000314/0x2520000] 
Stopped execution of TB chain before 0xefdaa180 [00000314] 
Trace 1: 0xefdaa180 [00000000/00000314/0x2520000] 
Stopped execution of TB chain before 0xefdaa180 [00000314] 
Trace 2: 0xefdaa180 [00000000/00000314/0x2520000] 
Stopped execution of TB chain before 0xefdaa180 [00000314] 
Trace 2: 0xefdaa180 [00000000/00000314/0x2520000] 
Stopped execution of TB chain before 0xefdaa180 [00000314] 
Trace 3: 0xefdaa180 [00000000/00000314/0x2520000] 
Stopped execution of TB chain before 0xefdaa180 [00000314] 
Trace 3: 0xefdaa180 [00000000/00000314/0x2520000] 
Stopped execution of TB chain before 0xefaffb40 [00010050] 
Trace 0: 0xefaffb40 [00000000/00010050/0x2520000] 
Stopped execution of TB chain before 0xefaffb40 [00010050] 
Trace 0: 0xefaffb40 [00000000/00010050/0x2520000] 
Stopped execution of TB chain before 0xefdaa180 [00000314] 
Trace 1: 0xefdaa180 [00000000/00000314/0x2520000] 
Stopped execution of TB chain before 0xefdaa180 [00000314] 
Trace 1: 0xefdaa180 [00000000/00000314/0x2520000] 
Stopped execution of TB chain before 0xefdaa180 [00000314] 
Trace 2: 0xefdaa180 [00000000/00000314/0x2520000] 
Stopped execution of TB chain before 0xefdaa180 [00000314] 
Trace 2: 0xefdaa180 [00000000/00000314/0x2520000] 
Stopped execution of TB chain before 0xefdaa180 [00000314] 
Trace 3: 0xefdaa180 [00000000/00000314/0x2520000] 
Stopped execution of TB chain before 0xefdaa180 [00000314] 
Trace 3: 0xefdaa180 [00000000/00000314/0x2520000] 
Stopped execution of TB chain before 0xefaffb40 [00010050] 
Trace 0: 0xefaffb40 [00000000/00010050/0x2520000] 
Stopped execution of TB chain before 0xefaffb40 [00010050] 
Trace 0: 0xefaffb40 [00000000/00010050/0x2520000] 
Stopped execution of TB chain before 0xefdaa180 [00000314] 
Trace 1: 0xefdaa180 [00000000/00000314/0x2520000] 
Stopped execution of TB chain before 0xefdaa180 [00000314] 
Trace 1: 0xefdaa180 [00000000/00000314/0x2520000] 
Stopped execution of TB chain before 0xefdaa180 [00000314] 
Trace 2: 0xefdaa180 [00000000/00000314/0x2520000] 
Stopped execution of TB chain before 0xefdaa180 [00000314] 
Trace 2: 0xefdaa180 [00000000/00000314/0x2520000] 
Stopped execution of TB chain before 0xefdaa180 [00000314] 
Trace 3: 0xefdaa180 [00000000/00000314/0x2520000] 
Stopped execution of TB chain before 0xefdaa180 [00000314] 
Trace 3: 0xefdaa180 [00000000/00000314/0x2520000] 
Stopped execution of TB chain before 0xefaffb40 [00010050] 
Trace 0: 0xefaffb40 [00000000/00010050/0x2520000] 
Stopped execution of TB chain before 0xefaffb40 [00010050] 
Trace 0: 0xefaffb40 [00000000/00010050/0x2520000] 
Stopped execution of TB chain before 0xefdaa180 [00000314] 
Trace 1: 0xefdaa180 [00000000/00000314/0x2520000] 
Stopped execution of TB chain before 0xefdaa180 [00000314] 
Trace 1: 0xefdaa180 [00000000/00000314/0x2520000] 
Stopped execution of TB chain before 0xefdaa180 [00000314] 
Trace 2: 0xefdaa180 [00000000/00000314/0x2520000] 
Stopped execution of TB chain before 0xefdaa180 [00000314] 
Trace 2: 0xefdaa180 [00000000/00000314/0x2520000] 
Stopped execution of TB chain before 0xefdaa180 [00000314] 
Trace 3: 0xefdaa180 [00000000/00000314/0x2520000] 
Stopped execution of TB chain before 0xefdaa180 [00000314] 
Trace 3: 0xefdaa180 [00000000/00000314/0x2520000] 
Stopped execution of TB chain before 0xefaffb40 [00010050] 
Trace 0: 0xefaffb40 [00000000/00010050/0x2520000] 
Stopped execution of TB chain before 0xefaffb40 [00010050] 
Trace 0: 0xefaffb40 [00000000/00010050/0x2520000] 
Stopped execution of TB chain before 0xefdaa180 [00000314] 
Trace 1: 0xefdaa180 [00000000/00000314/0x2520000] 
Stopped execution of TB chain before 0xefdaa180 [00000314] 
Trace 1: 0xefdaa180 [00000000/00000314/0x2520000] 
Stopped execution of TB chain before 0xefdaa180 [00000314] 
Trace 2: 0xefdaa180 [00000000/00000314/0x2520000] 
Stopped execution of TB chain before 0xefdaa180 [00000314] 
Trace 2: 0xefdaa180 [00000000/00000314/0x2520000] 
Stopped execution of TB chain before 0xefdaa180 [00000314] 
Trace 3: 0xefdaa180 [00000000/00000314/0x2520000] 
Stopped execution of TB chain before 0xefdaa180 [00000314] 
Trace 3: 0xefdaa180 [00000000/00000314/0x2520000] 
Stopped execution of TB chain before 0xefaffb40 [00010050] 
Trace 0: 0xefaffb40 [00000000/00010050/0x2520000] 
Stopped execution of TB chain before 0xefaffb40 [00010050] 
Trace 0: 0xefaffb40 [00000000/00010050/0x2520000] 
Stopped execution of TB chain before 0xefdaa180 [00000314] 
Trace 1: 0xefdaa180 [00000000/00000314/0x2520000] 
Stopped execution of TB chain before 0xefdaa180 [00000314] 
Trace 1: 0xefdaa180 [00000000/00000314/0x2520000] 
Stopped execution of TB chain before 0xefdaa180 [00000314] 
Trace 2: 0xefdaa180 [00000000/00000314/0x2520000] 
Stopped execution of TB chain before 0xefdaa180 [00000314] 
Trace 2: 0xefdaa180 [00000000/00000314/0x2520000] 
Stopped execution of TB chain before 0xefdaa180 [00000314] 
Trace 3: 0xefdaa180 [00000000/00000314/0x2520000] 
Stopped execution of TB chain before 0xefdaa180 [00000314] 
Trace 3: 0xefdaa180 [00000000/00000314/0x2520000] 
Stopped execution of TB chain before 0xefaffb40 [00010050] 
Trace 0: 0xefaffb40 [00000000/00010050/0x2520000] 
Stopped execution of TB chain before 0xefaffb40 [00010050] 
Trace 0: 0xefaffb40 [00000000/00010050/0x2520000] 
Stopped execution of TB chain before 0xefdaa180 [00000314] 
Trace 1: 0xefdaa180 [00000000/00000314/0x2520000] 
Stopped execution of TB chain before 0xefdaa180 [00000314] 
Trace 1: 0xefdaa180 [00000000/00000314/0x2520000] 
Stopped execution of TB chain before 0xefdaa180 [00000314] 
Trace 2: 0xefdaa180 [00000000/00000314/0x2520000] 
Stopped execution of TB chain before 0xefdaa180 [00000314] 
Trace 2: 0xefdaa180 [00000000/00000314/0x2520000] 
Stopped execution of TB chain before 0xefdaa180 [00000314] 
Trace 3: 0xefdaa180 [00000000/00000314/0x2520000] 
Stopped execution of TB chain before 0xefdaa180 [00000314] 
Trace 3: 0xefdaa180 [00000000/00000314/0x2520000] 
Stopped execution of TB chain before 0xefaffb40 [00010050] 
Trace 0: 0xefaffb40 [00000000/00010050/0x2520000] 
Stopped execution of TB chain before 0xefaffb40 [00010050] 
Trace 0: 0xefaffb40 [00000000/00010050/0x2520000] 
Stopped execution of TB chain before 0xefdaa180 [00000314] 
Trace 1: 0xefdaa180 [00000000/00000314/0x2520000] 
Stopped execution of TB chain before 0xefdaa180 [00000314] 
Trace 1: 0xefdaa180 [00000000/00000314/0x2520000] 
Stopped execution of TB chain before 0xefdaa180 [00000314] 
Trace 2: 0xefdaa180 [00000000/00000314/0x2520000] 
Stopped execution of TB chain before 0xefdaa180 [00000314] 
Trace 2: 0xefdaa180 [00000000/00000314/0x2520000] 
Stopped execution of TB chain before 0xefdaa180 [00000314] 
Trace 3: 0xefdaa180 [00000000/00000314/0x2520000] 
Stopped execution of TB chain before 0xefdaa180 [00000314] 
Trace 3: 0xefdaa180 [00000000/00000314/0x2520000] 
Stopped execution of TB chain before 0xefaffb40 [00010050] 
Trace 0: 0xefaffb40 [00000000/00010050/0x2520000] 
Stopped execution of TB chain before 0xefaffb40 [00010050] 
Trace 0: 0xefaffb40 [00000000/00010050/0x2520000] 
Stopped execution of TB chain before 0xefdaa180 [00000314] 
Trace 1: 0xefdaa180 [00000000/00000314/0x2520000] 
Stopped execution of TB chain before 0xefdaa180 [00000314] 
Trace 1: 0xefdaa180 [00000000/00000314/0x2520000] 
Stopped execution of TB chain before 0xefdaa180 [00000314] 
Trace 2: 0xefdaa180 [00000000/00000314/0x2520000] 
Stopped execution of TB chain before 0xefdaa180 [00000314] 
Trace 2: 0xefdaa180 [00000000/00000314/0x2520000] 
Stopped execution of TB chain before 0xefdaa180 [00000314] 
Trace 3: 0xefdaa180 [00000000/00000314/0x2520000] 
Stopped execution of TB chain before 0xefdaa180 [00000314] 
Trace 3: 0xefdaa180 [00000000/00000314/0x2520000] 
Stopped execution of TB chain before 0xefaffb40 [00010050] 
Trace 0: 0xefaffb40 [00000000/00010050/0x2520000] 
Stopped execution of TB chain before 0xefaffb40 [00010050] 
Trace 0: 0xefaffb40 [00000000/00010050/0x2520000] 
Stopped execution of TB chain before 0xefdaa180 [00000314] 
Trace 1: 0xefdaa180 [00000000/00000314/0x2520000] 
Stopped execution of TB chain before 0xefdaa180 [00000314] 
Trace 1: 0xefdaa180 [00000000/00000314/0x2520000] 
Stopped execution of TB chain before 0xefdaa180 [00000314] 
Trace 2: 0xefdaa180 [00000000/00000314/0x2520000] 
Stopped execution of TB chain before 0xefdaa180 [00000314] 
Trace 2: 0xefdaa180 [00000000/00000314/0x2520000] 
Stopped execution of TB chain before 0xefdaa180 [00000314] 
Trace 3: 0xefdaa180 [00000000/00000314/0x2520000] 
Stopped execution of TB chain before 0xefdaa180 [00000314] 
Trace 3: 0xefdaa180 [00000000/00000314/0x2520000] 
Stopped execution of TB chain before 0xefaffb40 [00010050] 
Trace 0: 0xefaffb40 [00000000/00010050/0x2520000] 
Stopped execution of TB chain before 0xefaffb40 [00010050] 
Trace 0: 0xefaffb40 [00000000/00010050/0x2520000] 
Stopped execution of TB chain before 0xefdaa180 [00000314] 
Trace 1: 0xefdaa180 [00000000/00000314/0x2520000] 
Stopped execution of TB chain before 0xefdaa180 [00000314] 
Trace 1: 0xefdaa180 [00000000/00000314/0x2520000] 
Stopped execution of TB chain before 0xefdaa180 [00000314] 
Trace 2: 0xefdaa180 [00000000/00000314/0x2520000] 
Stopped execution of TB chain before 0xefdaa180 [00000314] 
Trace 2: 0xefdaa180 [00000000/00000314/0x2520000] 
Stopped execution of TB chain before 0xefdaa180 [00000314] 
Trace 3: 0xefdaa180 [00000000/00000314/0x2520000] 
Stopped execution of TB chain before 0xefdaa180 [00000314] 
Trace 3: 0xefdaa180 [00000000/00000314/0x2520000] 
Stopped execution of TB chain before 0xefaffb40 [00010050] 
Trace 0: 0xefaffb40 [00000000/00010050/0x2520000] 
Stopped execution of TB chain before 0xefaffb40 [00010050] 
Trace 0: 0xefaffb40 [00000000/00010050/0x2520000] 
Stopped execution of TB chain before 0xefdaa180 [00000314] 
Trace 1: 0xefdaa180 [00000000/00000314/0x2520000] 
Stopped execution of TB chain before 0xefdaa180 [00000314] 
Trace 1: 0xefdaa180 [00000000/00000314/0x2520000] 
Stopped execution of TB chain before 0xefdaa180 [00000314] 
Trace 2: 0xefdaa180 [00000000/00000314/0x2520000] 
Stopped execution of TB chain before 0xefdaa180 [00000314] 
Trace 2: 0xefdaa180 [00000000/00000314/0x2520000] 
Stopped execution of TB chain before 0xefdaa180 [00000314] 
Trace 3: 0xefdaa180 [00000000/00000314/0x2520000] 
Stopped execution of TB chain before 0xefdaa180 [00000314] 
Trace 3: 0xefdaa180 [00000000/00000314/0x2520000] 
Stopped execution of TB chain before 0xefaffb40 [00010050] 
Trace 0: 0xefaffb40 [00000000/00010050/0x2520000] 
Stopped execution of TB chain before 0xefaffb40 [00010050] 
Trace 0: 0xefaffb40 [00000000/00010050/0x2520000] 
Stopped execution of TB chain before 0xefdaa180 [00000314] 
Trace 1: 0xefdaa180 [00000000/00000314/0x2520000] 
Stopped execution of TB chain before 0xefdaa180 [00000314] 
Trace 1: 0xefdaa180 [00000000/00000314/0x2520000] 
Stopped execution of TB chain before 0xefdaa180 [00000314] 
Trace 2: 0xefdaa180 [00000000/00000314/0x2520000] 
Stopped execution of TB chain before 0xefdaa180 [00000314] 
Trace 2: 0xefdaa180 [00000000/00000314/0x2520000] 
Stopped execution of TB chain before 0xefdaa180 [00000314] 
Trace 3: 0xefdaa180 [00000000/00000314/0x2520000] 
Stopped execution of TB chain before 0xefdaa180 [00000314] 
Trace 3: 0xefdaa180 [00000000/00000314/0x2520000] 
Stopped execution of TB chain before 0xefaffb40 [00010050] 
Trace 0: 0xefaffb40 [00000000/00010050/0x2520000] 
Stopped execution of TB chain before 0xefaffb40 [00010050] 
Trace 0: 0xefaffb40 [00000000/00010050/0x2520000] 
Stopped execution of TB chain before 0xefdaa180 [00000314] 
Trace 1: 0xefdaa180 [00000000/00000314/0x2520000] 
Stopped execution of TB chain before 0xefdaa180 [00000314] 
Trace 1: 0xefdaa180 [00000000/00000314/0x2520000] 
Stopped execution of TB chain before 0xefdaa180 [00000314] 
Trace 2: 0xefdaa180 [00000000/00000314/0x2520000] 
Stopped execution of TB chain before 0xefdaa180 [00000314] 
Trace 2: 0xefdaa180 [00000000/00000314/0x2520000] 
Stopped execution of TB chain before 0xefdaa180 [00000314] 
Trace 3: 0xefdaa180 [00000000/00000314/0x2520000] 
Stopped execution of TB chain before 0xefdaa180 [00000314] 
Trace 3: 0xefdaa180 [00000000/00000314/0x2520000] 
Stopped execution of TB chain before 0xefaffb40 [00010050] 
Trace 0: 0xefaffb40 [00000000/00010050/0x2520000] 
Stopped execution of TB chain before 0xefaffb40 [00010050] 
Trace 0: 0xefaffb40 [00000000/00010050/0x2520000] 
Stopped execution of TB chain before 0xefdaa180 [00000314] 
Trace 1: 0xefdaa180 [00000000/00000314/0x2520000] 
Stopped execution of TB chain before 0xefdaa180 [00000314] 
Trace 1: 0xefdaa180 [00000000/00000314/0x2520000] 
Stopped execution of TB chain before 0xefdaa180 [00000314] 
Trace 2: 0xefdaa180 [00000000/00000314/0x2520000] 
Stopped execution of TB chain before 0xefdaa180 [00000314] 
Trace 2: 0xefdaa180 [00000000/00000314/0x2520000] 
Stopped execution of TB chain before 0xefdaa180 [00000314] 
Trace 3: 0xefdaa180 [00000000/00000314/0x2520000] 
Stopped execution of TB chain before 0xefdaa180 [00000314] 
Trace 3: 0xefdaa180 [00000000/00000314/0x2520000] 
Stopped execution of TB chain before 0xefaffb40 [00010050] 
Trace 0: 0xefaffb40 [00000000/00010050/0x2520000] 
Stopped execution of TB chain before 0xefaffb40 [00010050] 
Trace 0: 0xefaffb40 [00000000/00010050/0x2520000] 
Stopped execution of TB chain before 0xefdaa180 [00000314] 
Trace 1: 0xefdaa180 [00000000/00000314/0x2520000] 
Stopped execution of TB chain before 0xefdaa180 [00000314] 
Trace 1: 0xefdaa180 [00000000/00000314/0x2520000] 
Stopped execution of TB chain before 0xefdaa180 [00000314] 
Trace 2: 0xefdaa180 [00000000/00000314/0x2520000] 
Stopped execution of TB chain before 0xefdaa180 [00000314] 
Trace 2: 0xefdaa180 [00000000/00000314/0x2520000] 
Stopped execution of TB chain before 0xefdaa180 [00000314] 
Trace 3: 0xefdaa180 [00000000/00000314/0x2520000] 
Stopped execution of TB chain before 0xefdaa180 [00000314] 
Trace 3: 0xefdaa180 [00000000/00000314/0x2520000] 
Stopped execution of TB chain before 0xefaffb40 [00010050] 
Trace 0: 0xefaffb40 [00000000/00010050/0x2520000] 
Stopped execution of TB chain before 0xefaffb40 [00010050] 
Trace 0: 0xefaffb40 [00000000/00010050/0x2520000] 
Stopped execution of TB chain before 0xefdaa180 [00000314] 
Trace 1: 0xefdaa180 [00000000/00000314/0x2520000] 
Stopped execution of TB chain before 0xefdaa180 [00000314] 
Trace 1: 0xefdaa180 [00000000/00000314/0x2520000] 
Stopped execution of TB chain before 0xefdaa180 [00000314] 
Trace 2: 0xefdaa180 [00000000/00000314/0x2520000] 
Stopped execution of TB chain before 0xefdaa180 [00000314] 
Trace 2: 0xefdaa180 [00000000/00000314/0x2520000] 
Stopped execution of TB chain before 0xefdaa180 [00000314] 
Trace 3: 0xefdaa180 [00000000/00000314/0x2520000] 
Stopped execution of TB chain before 0xefdaa180 [00000314] 
Trace 3: 0xefdaa180 [00000000/00000314/0x2520000] 
Stopped execution of TB chain before 0xefaffb40 [00010050] 
Trace 0: 0xefaffb40 [00000000/00010050/0x2520000] 
Stopped execution of TB chain before 0xefaffb40 [00010050] 
Trace 0: 0xefaffb40 [00000000/00010050/0x2520000] 
Stopped execution of TB chain before 0xefdaa180 [00000314] 
Trace 1: 0xefdaa180 [00000000/00000314/0x2520000] 
Stopped execution of TB chain before 0xefdaa180 [00000314] 
Trace 1: 0xefdaa180 [00000000/00000314/0x2520000] 
Stopped execution of TB chain before 0xefdaa180 [00000314] 
Trace 2: 0xefdaa180 [00000000/00000314/0x2520000] 
Stopped execution of TB chain before 0xefdaa180 [00000314] 
Trace 2: 0xefdaa180 [00000000/00000314/0x2520000] 
Stopped execution of TB chain before 0xefdaa180 [00000314] 
Trace 3: 0xefdaa180 [00000000/00000314/0x2520000] 
Stopped execution of TB chain before 0xefdaa180 [00000314] 
Trace 3: 0xefdaa180 [00000000/00000314/0x2520000] 
Stopped execution of TB chain before 0xefaffb40 [00010050] 
Trace 0: 0xefaffb40 [00000000/00010050/0x2520000] 
Stopped execution of TB chain before 0xefaffb40 [00010050] 
Trace 0: 0xefaffb40 [00000000/00010050/0x2520000] 
Stopped execution of TB chain before 0xefdaa180 [00000314] 
Trace 1: 0xefdaa180 [00000000/00000314/0x2520000] 
Stopped execution of TB chain before 0xefdaa180 [00000314] 
Trace 1: 0xefdaa180 [00000000/00000314/0x2520000] 
Stopped execution of TB chain before 0xefdaa180 [00000314] 
Trace 2: 0xefdaa180 [00000000/00000314/0x2520000] 
Stopped execution of TB chain before 0xefdaa180 [00000314] 
Trace 2: 0xefdaa180 [00000000/00000314/0x2520000] 
Stopped execution of TB chain before 0xefdaa180 [00000314] 
Trace 3: 0xefdaa180 [00000000/00000314/0x2520000] 
Stopped execution of TB chain before 0xefdaa180 [00000314] 
Trace 3: 0xefdaa180 [00000000/00000314/0x2520000] 
Stopped execution of TB chain before 0xefaffb40 [00010050] 
Trace 0: 0xefaffb40 [00000000/00010050/0x2520000] 
Stopped execution of TB chain before 0xefaffb40 [00010050] 
Trace 0: 0xefaffb40 [00000000/00010050/0x2520000] 
Stopped execution of TB chain before 0xefdaa180 [00000314] 
Trace 1: 0xefdaa180 [00000000/00000314/0x2520000] 
Stopped execution of TB chain before 0xefdaa180 [00000314] 
Trace 1: 0xefdaa180 [00000000/00000314/0x2520000] 
Stopped execution of TB chain before 0xefdaa180 [00000314] 
Trace 2: 0xefdaa180 [00000000/00000314/0x2520000] 
Stopped execution of TB chain before 0xefdaa180 [00000314] 
Trace 2: 0xefdaa180 [00000000/00000314/0x2520000] 
Stopped execution of TB chain before 0xefdaa180 [00000314] 
Trace 3: 0xefdaa180 [00000000/00000314/0x2520000] 
Stopped execution of TB chain before 0xefdaa180 [00000314] 
Trace 3: 0xefdaa180 [00000000/00000314/0x2520000] 
Stopped execution of TB chain before 0xefaffb40 [00010050] 
Trace 0: 0xefaffb40 [00000000/00010050/0x2520000] 
Stopped execution of TB chain before 0xefaffb40 [00010050] 
Trace 0: 0xefaffb40 [00000000/00010050/0x2520000] 
Stopped execution of TB chain before 0xefdaa180 [00000314] 
Trace 1: 0xefdaa180 [00000000/00000314/0x2520000] 
Stopped execution of TB chain before 0xefdaa180 [00000314] 
Trace 1: 0xefdaa180 [00000000/00000314/0x2520000] 
Stopped execution of TB chain before 0xefdaa180 [00000314] 
Trace 2: 0xefdaa180 [00000000/00000314/0x2520000] 
Stopped execution of TB chain before 0xefdaa180 [00000314] 
Trace 2: 0xefdaa180 [00000000/00000314/0x2520000] 
Stopped execution of TB chain before 0xefdaa180 [00000314] 
Trace 3: 0xefdaa180 [00000000/00000314/0x2520000] 
Stopped execution of TB chain before 0xefdaa180 [00000314] 
Trace 3: 0xefdaa180 [00000000/00000314/0x2520000] 
Stopped execution of TB chain before 0xefaffb40 [00010050] 
Trace 0: 0xefaffb40 [00000000/00010050/0x2520000] 
Stopped execution of TB chain before 0xefaffb40 [00010050] 
Trace 0: 0xefaffb40 [00000000/00010050/0x2520000] 
Stopped execution of TB chain before 0xefdaa180 [00000314] 
Trace 1: 0xefdaa180 [00000000/00000314/0x2520000] 
Stopped execution of TB chain before 0xefdaa180 [00000314] 
Trace 1: 0xefdaa180 [00000000/00000314/0x2520000] 
Stopped execution of TB chain before 0xefdaa180 [00000314] 
Trace 2: 0xefdaa180 [00000000/00000314/0x2520000] 
Stopped execution of TB chain before 0xefdaa180 [00000314] 
Trace 2: 0xefdaa180 [00000000/00000314/0x2520000] 
Stopped execution of TB chain before 0xefdaa180 [00000314] 
Trace 3: 0xefdaa180 [00000000/00000314/0x2520000] 
Stopped execution of TB chain before 0xefdaa180 [00000314] 
Trace 3: 0xefdaa180 [00000000/00000314/0x2520000] 
Stopped execution of TB chain before 0xefaffb40 [00010050] 
Trace 0: 0xefaffb40 [00000000/00010050/0x2520000] 
Stopped execution of TB chain before 0xefaffb40 [00010050] 
Trace 0: 0xefaffb40 [00000000/00010050/0x2520000] 
Stopped execution of TB chain before 0xefdaa180 [00000314] 
Trace 1: 0xefdaa180 [00000000/00000314/0x2520000] 
Stopped execution of TB chain before 0xefdaa180 [00000314] 
Trace 1: 0xefdaa180 [00000000/00000314/0x2520000] 
Stopped execution of TB chain before 0xefdaa180 [00000314] 
Trace 2: 0xefdaa180 [00000000/00000314/0x2520000] 
Stopped execution of TB chain before 0xefdaa180 [00000314] 
Trace 2: 0xefdaa180 [00000000/00000314/0x2520000] 
Stopped execution of TB chain before 0xefdaa180 [00000314] 
Trace 3: 0xefdaa180 [00000000/00000314/0x2520000] 
Stopped execution of TB chain before 0xefdaa180 [00000314] 
Trace 3: 0xefdaa180 [00000000/00000314/0x2520000] 
Stopped execution of TB chain before 0xefaffb40 [00010050] 
Trace 0: 0xefaffb40 [00000000/00010050/0x2520000] 
Stopped execution of TB chain before 0xefaffb40 [00010050] 
Trace 0: 0xefaffb40 [00000000/00010050/0x2520000] 
Stopped execution of TB chain before 0xefdaa180 [00000314] 
Trace 1: 0xefdaa180 [00000000/00000314/0x2520000] 
Stopped execution of TB chain before 0xefdaa180 [00000314] 
Trace 1: 0xefdaa180 [00000000/00000314/0x2520000] 
Stopped execution of TB chain before 0xefdaa180 [00000314] 
Trace 2: 0xefdaa180 [00000000/00000314/0x2520000] 
Stopped execution of TB chain before 0xefdaa180 [00000314] 
Trace 2: 0xefdaa180 [00000000/00000314/0x2520000] 
Stopped execution of TB chain before 0xefdaa180 [00000314] 
Trace 3: 0xefdaa180 [00000000/00000314/0x2520000] 
Stopped execution of TB chain before 0xefdaa180 [00000314] 
Trace 3: 0xefdaa180 [00000000/00000314/0x2520000] 
Stopped execution of TB chain before 0xefaffb40 [00010050] 
Trace 0: 0xefaffb40 [00000000/00010050/0x2520000] 
Stopped execution of TB chain before 0xefaffb40 [00010050] 
Trace 0: 0xefaffb40 [00000000/00010050/0x2520000] 
Stopped execution of TB chain before 0xefdaa180 [00000314] 
Trace 1: 0xefdaa180 [00000000/00000314/0x2520000] 
Stopped execution of TB chain before 0xefdaa180 [00000314] 
Trace 1: 0xefdaa180 [00000000/00000314/0x2520000] 
Stopped execution of TB chain before 0xefdaa180 [00000314] 
Trace 2: 0xefdaa180 [00000000/00000314/0x2520000] 
Stopped execution of TB chain before 0xefdaa180 [00000314] 
Trace 2: 0xefdaa180 [00000000/00000314/0x2520000] 
Stopped execution of TB chain before 0xefdaa180 [00000314] 
Trace 3: 0xefdaa180 [00000000/00000314/0x2520000] 
Stopped execution of TB chain before 0xefdaa180 [00000314] 
Trace 3: 0xefdaa180 [00000000/00000314/0x2520000] 
Stopped execution of TB chain before 0xefaffb40 [00010050] 
Trace 0: 0xefaffb40 [00000000/00010050/0x2520000] 
Stopped execution of TB chain before 0xefaffb40 [00010050] 
Trace 0: 0xefaffb40 [00000000/00010050/0x2520000] 
Stopped execution of TB chain before 0xefdaa180 [00000314] 
Trace 1: 0xefdaa180 [00000000/00000314/0x2520000] 
Stopped execution of TB chain before 0xefdaa180 [00000314] 
Trace 1: 0xefdaa180 [00000000/00000314/0x2520000] 
Stopped execution of TB chain before 0xefdaa180 [00000314] 
Trace 2: 0xefdaa180 [00000000/00000314/0x2520000] 
Stopped execution of TB chain before 0xefdaa180 [00000314] 
Trace 2: 0xefdaa180 [00000000/00000314/0x2520000] 
Stopped execution of TB chain before 0xefdaa180 [00000314] 
Trace 3: 0xefdaa180 [00000000/00000314/0x2520000] 
Stopped execution of TB chain before 0xefdaa180 [00000314] 
Trace 3: 0xefdaa180 [00000000/00000314/0x2520000] 
Stopped execution of TB chain before 0xefaffb40 [00010050] 
Trace 0: 0xefaffb40 [00000000/00010050/0x2520000] 
Stopped execution of TB chain before 0xefaffb40 [00010050] 
Trace 0: 0xefaffb40 [00000000/00010050/0x2520000] 
Stopped execution of TB chain before 0xefdaa180 [00000314] 
Trace 1: 0xefdaa180 [00000000/00000314/0x2520000] 
Stopped execution of TB chain before 0xefdaa180 [00000314] 
Trace 1: 0xefdaa180 [00000000/00000314/0x2520000] 
Stopped execution of TB chain before 0xefdaa180 [00000314] 
Trace 2: 0xefdaa180 [00000000/00000314/0x2520000] 
Stopped execution of TB chain before 0xefdaa180 [00000314] 
Trace 2: 0xefdaa180 [00000000/00000314/0x2520000] 
Stopped execution of TB chain before 0xefdaa180 [00000314] 
Trace 3: 0xefdaa180 [00000000/00000314/0x2520000] 
Stopped execution of TB chain before 0xefdaa180 [00000314] 
Trace 3: 0xefdaa180 [00000000/00000314/0x2520000] 
Stopped execution of TB chain before 0xefaffb40 [00010050] 
Trace 0: 0xefaffb40 [00000000/00010050/0x2520000] 
Stopped execution of TB chain before 0xefaffb40 [00010050] 
Trace 0: 0xefaffb40 [00000000/00010050/0x2520000] 
Stopped execution of TB chain before 0xefdaa180 [00000314] 
Trace 1: 0xefdaa180 [00000000/00000314/0x2520000] 
Stopped execution of TB chain before 0xefdaa180 [00000314] 
Trace 1: 0xefdaa180 [00000000/00000314/0x2520000] 
Stopped execution of TB chain before 0xefdaa180 [00000314] 
Trace 2: 0xefdaa180 [00000000/00000314/0x2520000] 
Stopped execution of TB chain before 0xefdaa180 [00000314] 
Trace 2: 0xefdaa180 [00000000/00000314/0x2520000] 
Stopped execution of TB chain before 0xefdaa180 [00000314] 
Trace 3: 0xefdaa180 [00000000/00000314/0x2520000] 
Stopped execution of TB chain before 0xefdaa180 [00000314] 
Trace 3: 0xefdaa180 [00000000/00000314/0x2520000] 
Stopped execution of TB chain before 0xefaffb40 [00010050] 
Trace 0: 0xefaffb40 [00000000/00010050/0x2520000] 
Stopped execution of TB chain before 0xefaffb40 [00010050] 
Trace 0: 0xefaffb40 [00000000/00010050/0x2520000] 
Stopped execution of TB chain before 0xefdaa180 [00000314] 
Trace 1: 0xefdaa180 [00000000/00000314/0x2520000] 
Stopped execution of TB chain before 0xefdaa180 [00000314] 
Trace 1: 0xefdaa180 [00000000/00000314/0x2520000] 
Stopped execution of TB chain before 0xefdaa180 [00000314] 
Trace 2: 0xefdaa180 [00000000/00000314/0x2520000] 
Stopped execution of TB chain before 0xefdaa180 [00000314] 
Trace 2: 0xefdaa180 [00000000/00000314/0x2520000] 
Stopped execution of TB chain before 0xefdaa180 [00000314] 
Trace 3: 0xefdaa180 [00000000/00000314/0x2520000] 
Stopped execution of TB chain before 0xefdaa180 [00000314] 
Trace 3: 0xefdaa180 [00000000/00000314/0x2520000] 
Stopped execution of TB chain before 0xefaffb40 [00010050] 
Trace 0: 0xefaffb40 [00000000/00010050/0x2520000] 
Stopped execution of TB chain before 0xefaffb40 [00010050] 
Trace 0: 0xefaffb40 [00000000/00010050/0x2520000] 
Stopped execution of TB chain before 0xefdaa180 [00000314] 
Trace 1: 0xefdaa180 [00000000/00000314/0x2520000] 
Stopped execution of TB chain before 0xefdaa180 [00000314] 
Trace 1: 0xefdaa180 [00000000/00000314/0x2520000] 
Stopped execution of TB chain before 0xefdaa180 [00000314] 
Trace 2: 0xefdaa180 [00000000/00000314/0x2520000] 
Stopped execution of TB chain before 0xefdaa180 [00000314] 
Trace 2: 0xefdaa180 [00000000/00000314/0x2520000] 
Stopped execution of TB chain before 0xefdaa180 [00000314] 
Trace 3: 0xefdaa180 [00000000/00000314/0x2520000] 
Stopped execution of TB chain before 0xefdaa180 [00000314] 
Trace 3: 0xefdaa180 [00000000/00000314/0x2520000] 
Stopped execution of TB chain before 0xefaffb40 [00010050] 
Trace 0: 0xefaffb40 [00000000/00010050/0x2520000] 
Stopped execution of TB chain before 0xefaffb40 [00010050] 
Trace 0: 0xefaffb40 [00000000/00010050/0x2520000] 
Stopped execution of TB chain before 0xefdaa180 [00000314] 
Trace 1: 0xefdaa180 [00000000/00000314/0x2520000] 
Stopped execution of TB chain before 0xefdaa180 [00000314] 
Trace 1: 0xefdaa180 [00000000/00000314/0x2520000] 
Stopped execution of TB chain before 0xefdaa180 [00000314] 
Trace 2: 0xefdaa180 [00000000/00000314/0x2520000] 
Stopped execution of TB chain before 0xefdaa180 [00000314] 
Trace 2: 0xefdaa180 [00000000/00000314/0x2520000] 
Stopped execution of TB chain before 0xefdaa180 [00000314] 
Trace 3: 0xefdaa180 [00000000/00000314/0x2520000] 
Stopped execution of TB chain before 0xefdaa180 [00000314] 
Trace 3: 0xefdaa180 [00000000/00000314/0x2520000] 
Stopped execution of TB chain before 0xefaffb40 [00010050] 
Trace 0: 0xefaffb40 [00000000/00010050/0x2520000] 
Stopped execution of TB chain before 0xefaffb40 [00010050] 
Trace 0: 0xefaffb40 [00000000/00010050/0x2520000] 
Stopped execution of TB chain before 0xefdaa180 [00000314] 
Trace 1: 0xefdaa180 [00000000/00000314/0x2520000] 
Stopped execution of TB chain before 0xefdaa180 [00000314] 
Trace 1: 0xefdaa180 [00000000/00000314/0x2520000] 
Stopped execution of TB chain before 0xefdaa180 [00000314] 
Trace 2: 0xefdaa180 [00000000/00000314/0x2520000] 
Stopped execution of TB chain before 0xefdaa180 [00000314] 
Trace 2: 0xefdaa180 [00000000/00000314/0x2520000] 
Stopped execution of TB chain before 0xefdaa180 [00000314] 
Trace 3: 0xefdaa180 [00000000/00000314/0x2520000] 
Stopped execution of TB chain before 0xefdaa180 [00000314] 
Trace 3: 0xefdaa180 [00000000/00000314/0x2520000] 
Stopped execution of TB chain before 0xefaffb40 [00010050] 
Trace 0: 0xefaffb40 [00000000/00010050/0x2520000] 
Stopped execution of TB chain before 0xefaffb40 [00010050] 
Trace 0: 0xefaffb40 [00000000/00010050/0x2520000] 
Stopped execution of TB chain before 0xefdaa180 [00000314] 
Trace 1: 0xefdaa180 [00000000/00000314/0x2520000] 
Stopped execution of TB chain before 0xefdaa180 [00000314] 
Trace 1: 0xefdaa180 [00000000/00000314/0x2520000] 
Stopped execution of TB chain before 0xefdaa180 [00000314] 
Trace 2: 0xefdaa180 [00000000/00000314/0x2520000] 
Stopped execution of TB chain before 0xefdaa180 [00000314] 
Trace 2: 0xefdaa180 [00000000/00000314/0x2520000] 
Stopped execution of TB chain before 0xefdaa180 [00000314] 
Trace 3: 0xefdaa180 [00000000/00000314/0x2520000] 
Stopped execution of TB chain before 0xefdaa180 [00000314] 
Trace 3: 0xefdaa180 [00000000/00000314/0x2520000] 
Stopped execution of TB chain before 0xefaffb40 [00010050] 
Stopped execution of TB chain before 0xefdaa180 [00000314] 
Stopped execution of TB chain before 0xefdaa180 [00000314] 
Stopped execution of TB chain before 0xefdaa180 [00000314] 
